Start testing: Oct 20 15:45 CST
----------------------------------------------------------
1/169 Testing: t_wrapping_ints_cmp
1/169 Test: t_wrapping_ints_cmp
Command: "/home/acat/sponge/build/tests/wrapping_integers_cmp"
Directory: /home/acat/sponge/build
"t_wrapping_ints_cmp" start time: Oct 20 15:45 CST
Output:
----------------------------------------------------------
<end of output>
Test time =   0.00 sec
----------------------------------------------------------
Test Passed.
"t_wrapping_ints_cmp" end time: Oct 20 15:45 CST
"t_wrapping_ints_cmp" time elapsed: 00:00:00
----------------------------------------------------------

2/169 Testing: t_wrapping_ints_unwrap
2/169 Test: t_wrapping_ints_unwrap
Command: "/home/acat/sponge/build/tests/wrapping_integers_unwrap"
Directory: /home/acat/sponge/build
"t_wrapping_ints_unwrap" start time: Oct 20 15:45 CST
Output:
----------------------------------------------------------
`unwrap(WrappingInt32(UINT32_MAX - 1), WrappingInt32(0), 3 * (1ul << 32))` should have been `3 * (1ul << 32) - 2`, but the former is
	17179869182
and the latter is
	12884901886 (difference of 18446744069414584320)
 (at line 19)

<end of output>
Test time =   0.00 sec
----------------------------------------------------------
Test Failed.
"t_wrapping_ints_unwrap" end time: Oct 20 15:45 CST
"t_wrapping_ints_unwrap" time elapsed: 00:00:00
----------------------------------------------------------

3/169 Testing: t_wrapping_ints_wrap
3/169 Test: t_wrapping_ints_wrap
Command: "/home/acat/sponge/build/tests/wrapping_integers_wrap"
Directory: /home/acat/sponge/build
"t_wrapping_ints_wrap" start time: Oct 20 15:45 CST
Output:
----------------------------------------------------------
<end of output>
Test time =   0.00 sec
----------------------------------------------------------
Test Passed.
"t_wrapping_ints_wrap" end time: Oct 20 15:45 CST
"t_wrapping_ints_wrap" time elapsed: 00:00:00
----------------------------------------------------------

4/169 Testing: t_wrapping_ints_roundtrip
4/169 Test: t_wrapping_ints_roundtrip
Command: "/home/acat/sponge/build/tests/wrapping_integers_roundtrip"
Directory: /home/acat/sponge/build
"t_wrapping_ints_roundtrip" start time: Oct 20 15:45 CST
Output:
----------------------------------------------------------
Expected unwrap(wrap()) to recover same value, and it didn't!
  unwrap(wrap(value, isn), isn, checkpoint) did not equal value
  where value = 3162853097465587272, isn = 3096522756, and checkpoint = 3162853097465587272
  (Difference between value and checkpoint is 0.)

<end of output>
Test time =   0.00 sec
----------------------------------------------------------
Test Failed.
"t_wrapping_ints_roundtrip" end time: Oct 20 15:45 CST
"t_wrapping_ints_roundtrip" time elapsed: 00:00:00
----------------------------------------------------------

5/169 Testing: t_recv_connect
5/169 Test: t_recv_connect
Command: "/home/acat/sponge/build/tests/recv_connect"
Directory: /home/acat/sponge/build
"t_recv_connect" start time: Oct 20 15:45 CST
Output:
----------------------------------------------------------

_buf:
 isn:0seqno:0 payload:

_buf:

_buf:
 isn:89347598seqno:89347598 payload:

_buf:

_buf:

_buf:

_buf:

_buf:

_buf:

_buf:
 isn:89347598seqno:89347598 payload:

_buf:
 isn:5seqno:5 payload:

_buf:
<end of output>
Test time =   0.00 sec
----------------------------------------------------------
Test Passed.
"t_recv_connect" end time: Oct 20 15:45 CST
"t_recv_connect" time elapsed: 00:00:00
----------------------------------------------------------

6/169 Testing: t_recv_transmit
6/169 Test: t_recv_transmit
Command: "/home/acat/sponge/build/tests/recv_transmit"
Directory: /home/acat/sponge/build
"t_recv_transmit" start time: Oct 20 15:45 CST
Output:
----------------------------------------------------------
 isn:0seqno:0 payload:
 isn:0seqno:1 payload:abcd

_buf:
 isn:384678seqno:384678 payload:
 isn:384678seqno:384679 payload:abcd

_buf:
 isn:384678seqno:384683 payload:efgh

_buf:
 isn:5seqno:5 payload:
 isn:5seqno:6 payload:abcd

_buf:
 isn:5seqno:10 payload:efgh

_buf:
 isn:893472seqno:893472 payload:
 isn:893472seqno:893473 payload:abcde
 isn:893472seqno:893478 payload:b
 isn:893472seqno:893479 payload:cd
 isn:893472seqno:893481 payload:d
 isn:893472seqno:893482 payload:ef
 isn:893472seqno:893484 payload:fghijk
 isn:893472seqno:893490 payload:ghijk
 isn:893472seqno:893495 payload:hijklmn
 isn:893472seqno:893502 payload:ijklmnop
 isn:893472seqno:893510 payload:jklmnopqr
 isn:893472seqno:893519 payload:kl
 isn:893472seqno:893521 payload:l
 isn:893472seqno:893522 payload:mno
 isn:893472seqno:893525 payload:nopqrst
 isn:893472seqno:893532 payload:op
 isn:893472seqno:893534 payload:pqrst
 isn:893472seqno:893539 payload:qr
 isn:893472seqno:893541 payload:r
 isn:893472seqno:893542 payload:stuvwxy
 isn:893472seqno:893549 payload:tu
 isn:893472seqno:893551 payload:uvwxyzabc
 isn:893472seqno:893560 payload:vwx
 isn:893472seqno:893563 payload:wxyza
 isn:893472seqno:893568 payload:xyzabcde
 isn:893472seqno:893576 payload:yza
 isn:893472seqno:893579 payload:zabcde
 isn:893472seqno:893585 payload:abcdefghi
 isn:893472seqno:893594 payload:bcdefghijk
 isn:893472seqno:893604 payload:cde
 isn:893472seqno:893607 payload:defg
 isn:893472seqno:893611 payload:e
 isn:893472seqno:893612 payload:fghij
 isn:893472seqno:893617 payload:g
 isn:893472seqno:893618 payload:hi
 isn:893472seqno:893620 payload:ijklmnopq
 isn:893472seqno:893629 payload:jklmno
 isn:893472seqno:893635 payload:kl
 isn:893472seqno:893637 payload:lmnopqr
 isn:893472seqno:893644 payload:m
 isn:893472seqno:893645 payload:nopq
 isn:893472seqno:893649 payload:opqrstu
 isn:893472seqno:893656 payload:pqrstuvwxy
 isn:893472seqno:893666 payload:q
 isn:893472seqno:893667 payload:rst
 isn:893472seqno:893670 payload:stu
 isn:893472seqno:893673 payload:tuvw
 isn:893472seqno:893677 payload:uvwxyzabcd
 isn:893472seqno:893687 payload:vw
 isn:893472seqno:893689 payload:wxyz
 isn:893472seqno:893693 payload:xyzabcd
 isn:893472seqno:893700 payload:y
 isn:893472seqno:893701 payload:zabcde
 isn:893472seqno:893707 payload:abc
 isn:893472seqno:893710 payload:bcd
 isn:893472seqno:893713 payload:cde
 isn:893472seqno:893716 payload:defgh
 isn:893472seqno:893721 payload:efg
 isn:893472seqno:893724 payload:fghi
 isn:893472seqno:893728 payload:g
 isn:893472seqno:893729 payload:hijklmnopq
 isn:893472seqno:893739 payload:ijklmnop
 isn:893472seqno:893747 payload:jklmnopqr
 isn:893472seqno:893756 payload:klmnopq
 isn:893472seqno:893763 payload:lmn
 isn:893472seqno:893766 payload:mnop
 isn:893472seqno:893770 payload:n
 isn:893472seqno:893771 payload:opqrstuv
 isn:893472seqno:893779 payload:pqrstuvwxy
 isn:893472seqno:893789 payload:qrstuvwxyz
 isn:893472seqno:893799 payload:r
 isn:893472seqno:893800 payload:stuvw
 isn:893472seqno:893805 payload:tuvwx
 isn:893472seqno:893810 payload:uvwxyzabcd
 isn:893472seqno:893820 payload:vwxyzab
 isn:893472seqno:893827 payload:wxyzabc
 isn:893472seqno:893834 payload:x
 isn:893472seqno:893835 payload:yzabcdefg
 isn:893472seqno:893844 payload:z
 isn:893472seqno:893845 payload:abcdefghij
 isn:893472seqno:893855 payload:bcd
 isn:893472seqno:893858 payload:cdefghij
 isn:893472seqno:893866 payload:defghij
 isn:893472seqno:893873 payload:efgh
 isn:893472seqno:893877 payload:fghijkl
 isn:893472seqno:893884 payload:ghijklmno
 isn:893472seqno:893893 payload:h
 isn:893472seqno:893894 payload:ijk
 isn:893472seqno:893897 payload:jklmno
 isn:893472seqno:893903 payload:k
 isn:893472seqno:893904 payload:lmnopqrst
 isn:893472seqno:893913 payload:m
 isn:893472seqno:893914 payload:nopqrstu
 isn:893472seqno:893922 payload:opqrstuvwx
 isn:893472seqno:893932 payload:pqrstuvwx
 isn:893472seqno:893941 payload:qrstu
 isn:893472seqno:893946 payload:rstuvwxyza
 isn:893472seqno:893956 payload:st
 isn:893472seqno:893958 payload:tuvwx
 isn:893472seqno:893963 payload:uvwx
 isn:893472seqno:893967 payload:vwxyzabc
 isn:893472seqno:893975 payload:wxyzabcdef
 isn:893472seqno:893985 payload:xyzabcde
 isn:893472seqno:893993 payload:yzabcdefg
 isn:893472seqno:894002 payload:zabcdefgh
 isn:893472seqno:894011 payload:abc
 isn:893472seqno:894014 payload:bcdefgh
 isn:893472seqno:894021 payload:cdefghi
 isn:893472seqno:894028 payload:defghi
 isn:893472seqno:894034 payload:efg
 isn:893472seqno:894037 payload:fghi
 isn:893472seqno:894041 payload:g
 isn:893472seqno:894042 payload:hijklmno
 isn:893472seqno:894050 payload:i
 isn:893472seqno:894051 payload:jk
 isn:893472seqno:894053 payload:klmnop
 isn:893472seqno:894059 payload:lmnopqrs
 isn:893472seqno:894067 payload:mnopqrst
 isn:893472seqno:894075 payload:nopqrstuv
 isn:893472seqno:894084 payload:op
 isn:893472seqno:894086 payload:pqrstuvwxy
 isn:893472seqno:894096 payload:qrs
 isn:893472seqno:894099 payload:rst
 isn:893472seqno:894102 payload:stuvwxyzab
 isn:893472seqno:894112 payload:tu
 isn:893472seqno:894114 payload:uv
 isn:893472seqno:894116 payload:vwxyza
 isn:893472seqno:894122 payload:wxyzabcd
 isn:893472seqno:894130 payload:x
 isn:893472seqno:894131 payload:yzabcdefg
 isn:893472seqno:894140 payload:zabcdef
 isn:893472seqno:894147 payload:abcdefgh
 isn:893472seqno:894155 payload:bcdefghij
 isn:893472seqno:894164 payload:cdefghij
 isn:893472seqno:894172 payload:defghijk
 isn:893472seqno:894180 payload:efg
 isn:893472seqno:894183 payload:f
 isn:893472seqno:894184 payload:ghijklmnop
 isn:893472seqno:894194 payload:h
 isn:893472seqno:894195 payload:ijklm
 isn:893472seqno:894200 payload:jklmno
 isn:893472seqno:894206 payload:kl
 isn:893472seqno:894208 payload:lmno
 isn:893472seqno:894212 payload:mnopqrstuv
 isn:893472seqno:894222 payload:nopqrstuv
 isn:893472seqno:894231 payload:o
 isn:893472seqno:894232 payload:pqrstuvw
 isn:893472seqno:894240 payload:qrstuvwx
 isn:893472seqno:894248 payload:r
 isn:893472seqno:894249 payload:stuv
 isn:893472seqno:894253 payload:t
 isn:893472seqno:894254 payload:uv
 isn:893472seqno:894256 payload:vwxyzab
 isn:893472seqno:894263 payload:wxyzabcd
 isn:893472seqno:894271 payload:xyzabcde
 isn:893472seqno:894279 payload:yzabcdefg
 isn:893472seqno:894288 payload:zabcdef
 isn:893472seqno:894295 payload:a
 isn:893472seqno:894296 payload:bcd
 isn:893472seqno:894299 payload:cdefghij
 isn:893472seqno:894307 payload:defghij
 isn:893472seqno:894314 payload:efghijkl
 isn:893472seqno:894322 payload:fghij
 isn:893472seqno:894327 payload:ghijklmnop
 isn:893472seqno:894337 payload:hijk
 isn:893472seqno:894341 payload:ijklmno
 isn:893472seqno:894348 payload:jklmnopq
 isn:893472seqno:894356 payload:kl
 isn:893472seqno:894358 payload:lmn
 isn:893472seqno:894361 payload:mnopq
 isn:893472seqno:894366 payload:nopqrstuvw
 isn:893472seqno:894376 payload:opq
 isn:893472seqno:894379 payload:pqrstuvwx
 isn:893472seqno:894388 payload:qr
 isn:893472seqno:894390 payload:rstu
 isn:893472seqno:894394 payload:stuv
 isn:893472seqno:894398 payload:tuvwxyza
 isn:893472seqno:894406 payload:u
 isn:893472seqno:894407 payload:vwxyzabcd
 isn:893472seqno:894416 payload:wxyzabcdef
 isn:893472seqno:894426 payload:x
 isn:893472seqno:894427 payload:y
 isn:893472seqno:894428 payload:zabc
 isn:893472seqno:894432 payload:a
 isn:893472seqno:894433 payload:bcde
 isn:893472seqno:894437 payload:cdefghijkl
 isn:893472seqno:894447 payload:defg
 isn:893472seqno:894451 payload:e
 isn:893472seqno:894452 payload:fghijklm
 isn:893472seqno:894460 payload:ghijkl
 isn:893472seqno:894466 payload:hijklmnopq
 isn:893472seqno:894476 payload:ijk
 isn:893472seqno:894479 payload:j
 isn:893472seqno:894480 payload:klmnopqr
 isn:893472seqno:894488 payload:lm
 isn:893472seqno:894490 payload:mnopqrstu
 isn:893472seqno:894499 payload:nop
 isn:893472seqno:894502 payload:opqrstu
 isn:893472seqno:894509 payload:pqrstuvw
 isn:893472seqno:894517 payload:qrstuvwx
 isn:893472seqno:894525 payload:rstuvwx
 isn:893472seqno:894532 payload:s
 isn:893472seqno:894533 payload:tuvwxyzabc
 isn:893472seqno:894543 payload:uvw
 isn:893472seqno:894546 payload:vwxyzabcd
 isn:893472seqno:894555 payload:wxy
 isn:893472seqno:894558 payload:xyzabcde
 isn:893472seqno:894566 payload:y
 isn:893472seqno:894567 payload:zabcdefg
 isn:893472seqno:894575 payload:abcdefghi
 isn:893472seqno:894584 payload:bcdefghijk
 isn:893472seqno:894594 payload:cdefghi
 isn:893472seqno:894601 payload:d
 isn:893472seqno:894602 payload:efghijk
 isn:893472seqno:894609 payload:fghij
 isn:893472seqno:894614 payload:ghijklmn
 isn:893472seqno:894622 payload:hijk
 isn:893472seqno:894626 payload:ijklmno
 isn:893472seqno:894633 payload:j
 isn:893472seqno:894634 payload:k
 isn:893472seqno:894635 payload:lmnopqrs
 isn:893472seqno:894643 payload:mnopqrstu
 isn:893472seqno:894652 payload:nopqrstuv
 isn:893472seqno:894661 payload:opqrs
 isn:893472seqno:894666 payload:pqr
 isn:893472seqno:894669 payload:qrstuv
 isn:893472seqno:894675 payload:rstuvwx
 isn:893472seqno:894682 payload:stuvwxyzab
 isn:893472seqno:894692 payload:tuv
 isn:893472seqno:894695 payload:uvwxyzabc
 isn:893472seqno:894704 payload:vw
 isn:893472seqno:894706 payload:wxyz
 isn:893472seqno:894710 payload:xyzabcdef
 isn:893472seqno:894719 payload:yzabc
 isn:893472seqno:894724 payload:z
 isn:893472seqno:894725 payload:abcdefghi
 isn:893472seqno:894734 payload:bcdef
 isn:893472seqno:894739 payload:c
 isn:893472seqno:894740 payload:defghijkl
 isn:893472seqno:894749 payload:e
 isn:893472seqno:894750 payload:fghijklm
 isn:893472seqno:894758 payload:ghijklmnop
 isn:893472seqno:894768 payload:hijk
 isn:893472seqno:894772 payload:ijklmno
 isn:893472seqno:894779 payload:jk
 isn:893472seqno:894781 payload:klmnopq
 isn:893472seqno:894788 payload:lmn
 isn:893472seqno:894791 payload:mnopqrst
 isn:893472seqno:894799 payload:no
 isn:893472seqno:894801 payload:opqrst
 isn:893472seqno:894807 payload:pqrstuv
 isn:893472seqno:894814 payload:qr
 isn:893472seqno:894816 payload:rstuvwxyz
 isn:893472seqno:894825 payload:stuvw
 isn:893472seqno:894830 payload:tuvwxyza
 isn:893472seqno:894838 payload:u
 isn:893472seqno:894839 payload:vwxyzabcd
 isn:893472seqno:894848 payload:wxyza
 isn:893472seqno:894853 payload:xyzabcd
 isn:893472seqno:894860 payload:y
 isn:893472seqno:894861 payload:zabcd
 isn:893472seqno:894866 payload:abcde
 isn:893472seqno:894871 payload:bcde
 isn:893472seqno:894875 payload:cde
 isn:893472seqno:894878 payload:defgh
 isn:893472seqno:894883 payload:e
 isn:893472seqno:894884 payload:fghijk
 isn:893472seqno:894890 payload:ghijklmno
 isn:893472seqno:894899 payload:hijklmnop
 isn:893472seqno:894908 payload:ijkl
 isn:893472seqno:894912 payload:jklmnopq
 isn:893472seqno:894920 payload:klmnopqrst
 isn:893472seqno:894930 payload:lmnopq
 isn:893472seqno:894936 payload:mno
 isn:893472seqno:894939 payload:nopqr
 isn:893472seqno:894944 payload:opqr
 isn:893472seqno:894948 payload:pqrs
 isn:893472seqno:894952 payload:qr
 isn:893472seqno:894954 payload:rstuvwxyza
 isn:893472seqno:894964 payload:s
 isn:893472seqno:894965 payload:tuv
 isn:893472seqno:894968 payload:uvwxyzabc
 isn:893472seqno:894977 payload:vwxyz
 isn:893472seqno:894982 payload:wxy
 isn:893472seqno:894985 payload:xyzabcd
 isn:893472seqno:894992 payload:yzabcde
 isn:893472seqno:894999 payload:zabcde
 isn:893472seqno:895005 payload:ab
 isn:893472seqno:895007 payload:b
 isn:893472seqno:895008 payload:cdefg
 isn:893472seqno:895013 payload:defgh
 isn:893472seqno:895018 payload:efghijkl
 isn:893472seqno:895026 payload:fgh
 isn:893472seqno:895029 payload:gh
 isn:893472seqno:895031 payload:hijkl
 isn:893472seqno:895036 payload:ijklmnopqr
 isn:893472seqno:895046 payload:j
 isn:893472seqno:895047 payload:k
 isn:893472seqno:895048 payload:lmno
 isn:893472seqno:895052 payload:mnop
 isn:893472seqno:895056 payload:nopqrst
 isn:893472seqno:895063 payload:opqrstuv
 isn:893472seqno:895071 payload:pqrstuvw
 isn:893472seqno:895079 payload:qrst
 isn:893472seqno:895083 payload:rst
 isn:893472seqno:895086 payload:stuvwxyzab
 isn:893472seqno:895096 payload:tuvw
 isn:893472seqno:895100 payload:uvwxyza
 isn:893472seqno:895107 payload:vwxyza
 isn:893472seqno:895113 payload:wxy
 isn:893472seqno:895116 payload:xyzabc
 isn:893472seqno:895122 payload:yz
 isn:893472seqno:895124 payload:zabcdef
 isn:893472seqno:895131 payload:ab
 isn:893472seqno:895133 payload:bcde
 isn:893472seqno:895137 payload:cdefgh
 isn:893472seqno:895143 payload:defghijk
 isn:893472seqno:895151 payload:efghijkl
 isn:893472seqno:895159 payload:fg
 isn:893472seqno:895161 payload:ghijk
 isn:893472seqno:895166 payload:hijklmno
 isn:893472seqno:895174 payload:ijklm
 isn:893472seqno:895179 payload:jklmnopq
 isn:893472seqno:895187 payload:klm
 isn:893472seqno:895190 payload:lmnopqrstu
 isn:893472seqno:895200 payload:mnopqrst
 isn:893472seqno:895208 payload:n
 isn:893472seqno:895209 payload:opqrstuvw
 isn:893472seqno:895218 payload:pqrstu
 isn:893472seqno:895224 payload:qrstuvwxyz
 isn:893472seqno:895234 payload:rs
 isn:893472seqno:895236 payload:stuvwx
 isn:893472seqno:895242 payload:tuvwx
 isn:893472seqno:895247 payload:uvwx
 isn:893472seqno:895251 payload:vw
 isn:893472seqno:895253 payload:wxyz
 isn:893472seqno:895257 payload:xyzabc
 isn:893472seqno:895263 payload:yzabc
 isn:893472seqno:895268 payload:z
 isn:893472seqno:895269 payload:abcdefghi
 isn:893472seqno:895278 payload:bcdefghijk
 isn:893472seqno:895288 payload:cdefghi
 isn:893472seqno:895295 payload:de
 isn:893472seqno:895297 payload:efg
 isn:893472seqno:895300 payload:fgh
 isn:893472seqno:895303 payload:gh
 isn:893472seqno:895305 payload:hijklmno
 isn:893472seqno:895313 payload:i
 isn:893472seqno:895314 payload:jklmnopqr
 isn:893472seqno:895323 payload:klmn
 isn:893472seqno:895327 payload:lmnopqrst
 isn:893472seqno:895336 payload:m
 isn:893472seqno:895337 payload:nopqrst
 isn:893472seqno:895344 payload:opqrstuv
 isn:893472seqno:895352 payload:pqrst
 isn:893472seqno:895357 payload:qrstuvwxy
 isn:893472seqno:895366 payload:r
 isn:893472seqno:895367 payload:stuvwxy
 isn:893472seqno:895374 payload:tuv
 isn:893472seqno:895377 payload:uvwx
 isn:893472seqno:895381 payload:v
 isn:893472seqno:895382 payload:wx
 isn:893472seqno:895384 payload:xyzab
 isn:893472seqno:895389 payload:yza
 isn:893472seqno:895392 payload:zab
 isn:893472seqno:895395 payload:abcdefg
 isn:893472seqno:895402 payload:bcdefghi
 isn:893472seqno:895410 payload:cdefghijkl
 isn:893472seqno:895420 payload:defgh
 isn:893472seqno:895425 payload:efghijklmn
 isn:893472seqno:895435 payload:fghijk
 isn:893472seqno:895441 payload:ghijk
 isn:893472seqno:895446 payload:hijklmno
 isn:893472seqno:895454 payload:ijk
 isn:893472seqno:895457 payload:jklmnop
 isn:893472seqno:895464 payload:kl
 isn:893472seqno:895466 payload:lmnopq
 isn:893472seqno:895472 payload:mnop
 isn:893472seqno:895476 payload:nopqrs
 isn:893472seqno:895482 payload:o
 isn:893472seqno:895483 payload:p
 isn:893472seqno:895484 payload:qrstuvwxy
 isn:893472seqno:895493 payload:rstuvwx
 isn:893472seqno:895500 payload:stuv
 isn:893472seqno:895504 payload:tuvwxy
 isn:893472seqno:895510 payload:uvw
 isn:893472seqno:895513 payload:vw
 isn:893472seqno:895515 payload:w
 isn:893472seqno:895516 payload:xyzabcdef
 isn:893472seqno:895525 payload:yz
 isn:893472seqno:895527 payload:zabcde
 isn:893472seqno:895533 payload:abcdefg
 isn:893472seqno:895540 payload:bcd
 isn:893472seqno:895543 payload:cdef
 isn:893472seqno:895547 payload:defghijkl
 isn:893472seqno:895556 payload:efghijk
 isn:893472seqno:895563 payload:fghijk
 isn:893472seqno:895569 payload:ghijklmn
 isn:893472seqno:895577 payload:hi
 isn:893472seqno:895579 payload:ijklm
 isn:893472seqno:895584 payload:jklm
 isn:893472seqno:895588 payload:klmnopq
 isn:893472seqno:895595 payload:lmno
 isn:893472seqno:895599 payload:mnop
 isn:893472seqno:895603 payload:nopqrs
 isn:893472seqno:895609 payload:opqrstuv
 isn:893472seqno:895617 payload:pq
 isn:893472seqno:895619 payload:qrstuvwxy
 isn:893472seqno:895628 payload:rstuvwx
 isn:893472seqno:895635 payload:s
 isn:893472seqno:895636 payload:tuvwxyzab
 isn:893472seqno:895645 payload:uvwxy
 isn:893472seqno:895650 payload:vwx
 isn:893472seqno:895653 payload:wxyz
 isn:893472seqno:895657 payload:xyzabcdef
 isn:893472seqno:895666 payload:yzabcdef
 isn:893472seqno:895674 payload:zabcdefghi
 isn:893472seqno:895684 payload:abcdefghi
 isn:893472seqno:895693 payload:bc
 isn:893472seqno:895695 payload:cd
 isn:893472seqno:895697 payload:defg
 isn:893472seqno:895701 payload:e
 isn:893472seqno:895702 payload:fghijklmno
 isn:893472seqno:895712 payload:ghijklmno
 isn:893472seqno:895721 payload:hijk
 isn:893472seqno:895725 payload:ijkl
 isn:893472seqno:895729 payload:jklm
 isn:893472seqno:895733 payload:klmno
 isn:893472seqno:895738 payload:lmnop
 isn:893472seqno:895743 payload:mnopqrs
 isn:893472seqno:895750 payload:nop
 isn:893472seqno:895753 payload:opqr
 isn:893472seqno:895757 payload:pqrstuvw
 isn:893472seqno:895765 payload:qrst
 isn:893472seqno:895769 payload:rstuvwxyza
 isn:893472seqno:895779 payload:st
 isn:893472seqno:895781 payload:tuvwxyz
 isn:893472seqno:895788 payload:uvwx
 isn:893472seqno:895792 payload:vwxyz
 isn:893472seqno:895797 payload:w
 isn:893472seqno:895798 payload:x
 isn:893472seqno:895799 payload:yzabcd
 isn:893472seqno:895805 payload:zabcdefgh
 isn:893472seqno:895814 payload:abcdefg
 isn:893472seqno:895821 payload:bcdefgh
 isn:893472seqno:895828 payload:cd
 isn:893472seqno:895830 payload:defgh
 isn:893472seqno:895835 payload:efghij
 isn:893472seqno:895841 payload:f
 isn:893472seqno:895842 payload:ghijklm
 isn:893472seqno:895849 payload:hijklmnopq
 isn:893472seqno:895859 payload:ijklmnop
 isn:893472seqno:895867 payload:jklmnopq
 isn:893472seqno:895875 payload:klmnopqrs
 isn:893472seqno:895884 payload:lmnopqr
 isn:893472seqno:895891 payload:mnopqrstuv
 isn:893472seqno:895901 payload:nopqr
 isn:893472seqno:895906 payload:opqrstuv
 isn:893472seqno:895914 payload:p
 isn:893472seqno:895915 payload:qr
 isn:893472seqno:895917 payload:r
 isn:893472seqno:895918 payload:s
 isn:893472seqno:895919 payload:tuvw
 isn:893472seqno:895923 payload:u
 isn:893472seqno:895924 payload:vwx
 isn:893472seqno:895927 payload:wxyz
 isn:893472seqno:895931 payload:xyzabc
 isn:893472seqno:895937 payload:yza
 isn:893472seqno:895940 payload:zabcdefghi
 isn:893472seqno:895950 payload:abcdef
 isn:893472seqno:895956 payload:bc
 isn:893472seqno:895958 payload:cde
 isn:893472seqno:895961 payload:defghijklm
 isn:893472seqno:895971 payload:efghijk
 isn:893472seqno:895978 payload:fghijkl
 isn:893472seqno:895985 payload:ghijkl
 isn:893472seqno:895991 payload:hijklmno
 isn:893472seqno:895999 payload:ijklmnopq
 isn:893472seqno:896008 payload:jklmn
 isn:893472seqno:896013 payload:klmnopqr
 isn:893472seqno:896021 payload:lmn
 isn:893472seqno:896024 payload:mno
 isn:893472seqno:896027 payload:n
 isn:893472seqno:896028 payload:opq
 isn:893472seqno:896031 payload:pq
 isn:893472seqno:896033 payload:qrstuvwxy
 isn:893472seqno:896042 payload:rstuvwxy
 isn:893472seqno:896050 payload:stuvwxyz
 isn:893472seqno:896058 payload:tuvwxyzab
 isn:893472seqno:896067 payload:uvwx
 isn:893472seqno:896071 payload:vwxyz
 isn:893472seqno:896076 payload:wx
 isn:893472seqno:896078 payload:xyza
 isn:893472seqno:896082 payload:yza
 isn:893472seqno:896085 payload:zabcd
 isn:893472seqno:896090 payload:abcd
 isn:893472seqno:896094 payload:bcdefghij
 isn:893472seqno:896103 payload:cdefghijk
 isn:893472seqno:896112 payload:def
 isn:893472seqno:896115 payload:efghijklm
 isn:893472seqno:896124 payload:fg
 isn:893472seqno:896126 payload:ghi
 isn:893472seqno:896129 payload:hijklmno
 isn:893472seqno:896137 payload:ij
 isn:893472seqno:896139 payload:jklmnopqrs
 isn:893472seqno:896149 payload:klmn
 isn:893472seqno:896153 payload:lmno
 isn:893472seqno:896157 payload:mnopqrs
 isn:893472seqno:896164 payload:nopqr
 isn:893472seqno:896169 payload:opqrst
 isn:893472seqno:896175 payload:pqr
 isn:893472seqno:896178 payload:qrstuvw
 isn:893472seqno:896185 payload:rs
 isn:893472seqno:896187 payload:stuv
 isn:893472seqno:896191 payload:tuvwxyz
 isn:893472seqno:896198 payload:u
 isn:893472seqno:896199 payload:vwxyz
 isn:893472seqno:896204 payload:wxyza
 isn:893472seqno:896209 payload:xyz
 isn:893472seqno:896212 payload:yzab
 isn:893472seqno:896216 payload:zabcd
 isn:893472seqno:896221 payload:abcdefghi
 isn:893472seqno:896230 payload:bcdefgh
 isn:893472seqno:896237 payload:cde
 isn:893472seqno:896240 payload:defghijklm
 isn:893472seqno:896250 payload:efgh
 isn:893472seqno:896254 payload:fghijklmn
 isn:893472seqno:896263 payload:ghijk
 isn:893472seqno:896268 payload:hi
 isn:893472seqno:896270 payload:ijklmnopqr
 isn:893472seqno:896280 payload:jklm
 isn:893472seqno:896284 payload:klm
 isn:893472seqno:896287 payload:lm
 isn:893472seqno:896289 payload:mnopqrs
 isn:893472seqno:896296 payload:nop
 isn:893472seqno:896299 payload:opqrstuvw
 isn:893472seqno:896308 payload:pqrst
 isn:893472seqno:896313 payload:q
 isn:893472seqno:896314 payload:rst
 isn:893472seqno:896317 payload:stuvwxyz
 isn:893472seqno:896325 payload:tuvwxyzabc
 isn:893472seqno:896335 payload:u
 isn:893472seqno:896336 payload:vwxyz
 isn:893472seqno:896341 payload:wxyza
 isn:893472seqno:896346 payload:xyzabcd
 isn:893472seqno:896353 payload:yz
 isn:893472seqno:896355 payload:zabcde
 isn:893472seqno:896361 payload:abcd
 isn:893472seqno:896365 payload:b
 isn:893472seqno:896366 payload:cdefghi
 isn:893472seqno:896373 payload:d
 isn:893472seqno:896374 payload:efghijk
 isn:893472seqno:896381 payload:fghij
 isn:893472seqno:896386 payload:ghijkl
 isn:893472seqno:896392 payload:hijklmno
 isn:893472seqno:896400 payload:ijklmnopqr
 isn:893472seqno:896410 payload:jklmnop
 isn:893472seqno:896417 payload:k
 isn:893472seqno:896418 payload:lmnopqrstu
 isn:893472seqno:896428 payload:mn
 isn:893472seqno:896430 payload:nopq
 isn:893472seqno:896434 payload:opqrs
 isn:893472seqno:896439 payload:pqrstuv
 isn:893472seqno:896446 payload:qrstuvwxy
 isn:893472seqno:896455 payload:rs
 isn:893472seqno:896457 payload:stuv
 isn:893472seqno:896461 payload:tuv
 isn:893472seqno:896464 payload:uv
 isn:893472seqno:896466 payload:vwxyzabcde
 isn:893472seqno:896476 payload:wxyzabcdef
 isn:893472seqno:896486 payload:xyzabcd
 isn:893472seqno:896493 payload:yzabcdefg
 isn:893472seqno:896502 payload:zabcdefg
 isn:893472seqno:896510 payload:abcdefg
 isn:893472seqno:896517 payload:b
 isn:893472seqno:896518 payload:cdefghijkl
 isn:893472seqno:896528 payload:defghijkl
 isn:893472seqno:896537 payload:e
 isn:893472seqno:896538 payload:fghijklm
 isn:893472seqno:896546 payload:ghijklmnop
 isn:893472seqno:896556 payload:hij
 isn:893472seqno:896559 payload:ijkl
 isn:893472seqno:896563 payload:jklmnopqr
 isn:893472seqno:896572 payload:k
 isn:893472seqno:896573 payload:lmnopqrstu
 isn:893472seqno:896583 payload:mnopqrst
 isn:893472seqno:896591 payload:nop
 isn:893472seqno:896594 payload:opqrstuvwx
 isn:893472seqno:896604 payload:pqrst
 isn:893472seqno:896609 payload:q
 isn:893472seqno:896610 payload:rstuvwxy
 isn:893472seqno:896618 payload:stuv
 isn:893472seqno:896622 payload:tuvwxy
 isn:893472seqno:896628 payload:uvwxyzab
 isn:893472seqno:896636 payload:vwxyzabcde
 isn:893472seqno:896646 payload:wxyzabc
 isn:893472seqno:896653 payload:xyza
 isn:893472seqno:896657 payload:y
 isn:893472seqno:896658 payload:zabcdefgh
 isn:893472seqno:896667 payload:abcdef
 isn:893472seqno:896673 payload:bcdef
 isn:893472seqno:896678 payload:cdef
 isn:893472seqno:896682 payload:defg
 isn:893472seqno:896686 payload:efghij
 isn:893472seqno:896692 payload:fghij
 isn:893472seqno:896697 payload:ghi
 isn:893472seqno:896700 payload:hijklmno
 isn:893472seqno:896708 payload:ijklmnopq
 isn:893472seqno:896717 payload:jklmnopqr
 isn:893472seqno:896726 payload:klmn
 isn:893472seqno:896730 payload:lmn
 isn:893472seqno:896733 payload:mn
 isn:893472seqno:896735 payload:nopqrst
 isn:893472seqno:896742 payload:o
 isn:893472seqno:896743 payload:pqrs
 isn:893472seqno:896747 payload:q
 isn:893472seqno:896748 payload:rstuvwxyza
 isn:893472seqno:896758 payload:stuvwxyza
 isn:893472seqno:896767 payload:tuvwxyzab
 isn:893472seqno:896776 payload:uvwxyzabcd
 isn:893472seqno:896786 payload:vwxyzabcd
 isn:893472seqno:896795 payload:wxyzab
 isn:893472seqno:896801 payload:x
 isn:893472seqno:896802 payload:yzabcdef
 isn:893472seqno:896810 payload:zabcd
 isn:893472seqno:896815 payload:abcdefg
 isn:893472seqno:896822 payload:bcdefghi
 isn:893472seqno:896830 payload:c
 isn:893472seqno:896831 payload:defghij
 isn:893472seqno:896838 payload:efghijklm
 isn:893472seqno:896847 payload:fghijkl
 isn:893472seqno:896854 payload:ghijklmnop
 isn:893472seqno:896864 payload:hijkl
 isn:893472seqno:896869 payload:ijk
 isn:893472seqno:896872 payload:j
 isn:893472seqno:896873 payload:klmno
 isn:893472seqno:896878 payload:lmnopqr
 isn:893472seqno:896885 payload:mnopqrst
 isn:893472seqno:896893 payload:n
 isn:893472seqno:896894 payload:opqrst
 isn:893472seqno:896900 payload:pqrstuvwx
 isn:893472seqno:896909 payload:qrstuvw
 isn:893472seqno:896916 payload:rs
 isn:893472seqno:896918 payload:stuvwxy
 isn:893472seqno:896925 payload:tuvwx
 isn:893472seqno:896930 payload:uvwxyza
 isn:893472seqno:896937 payload:vwxyza
 isn:893472seqno:896943 payload:wxyz
 isn:893472seqno:896947 payload:xyza
 isn:893472seqno:896951 payload:yzabcdef
 isn:893472seqno:896959 payload:zabc
 isn:893472seqno:896963 payload:abcd
 isn:893472seqno:896967 payload:bcdefghij
 isn:893472seqno:896976 payload:cd
 isn:893472seqno:896978 payload:defgh
 isn:893472seqno:896983 payload:e
 isn:893472seqno:896984 payload:f
 isn:893472seqno:896985 payload:ghijklmn
 isn:893472seqno:896993 payload:hijklm
 isn:893472seqno:896999 payload:ijklm
 isn:893472seqno:897004 payload:jklmnop
 isn:893472seqno:897011 payload:klmn
 isn:893472seqno:897015 payload:lmnopq
 isn:893472seqno:897021 payload:mnopqr
 isn:893472seqno:897027 payload:nopqrst
 isn:893472seqno:897034 payload:opqrstuv
 isn:893472seqno:897042 payload:pqrstu
 isn:893472seqno:897048 payload:qrst
 isn:893472seqno:897052 payload:rstu
 isn:893472seqno:897056 payload:stuvwxyzab
 isn:893472seqno:897066 payload:tuvwx
 isn:893472seqno:897071 payload:uvw
 isn:893472seqno:897074 payload:vw
 isn:893472seqno:897076 payload:wxyzabcde
 isn:893472seqno:897085 payload:xyzabcd
 isn:893472seqno:897092 payload:y
 isn:893472seqno:897093 payload:za
 isn:893472seqno:897095 payload:ab
 isn:893472seqno:897097 payload:bcdefghij
 isn:893472seqno:897106 payload:cd
 isn:893472seqno:897108 payload:defghi
 isn:893472seqno:897114 payload:efghij
 isn:893472seqno:897120 payload:fghijk
 isn:893472seqno:897126 payload:ghijklm
 isn:893472seqno:897133 payload:hi
 isn:893472seqno:897135 payload:ijk
 isn:893472seqno:897138 payload:j
 isn:893472seqno:897139 payload:klmnopq
 isn:893472seqno:897146 payload:lmno
 isn:893472seqno:897150 payload:mnopqr
 isn:893472seqno:897156 payload:nopqrstu
 isn:893472seqno:897164 payload:opqrstu
 isn:893472seqno:897171 payload:p
 isn:893472seqno:897172 payload:qr
 isn:893472seqno:897174 payload:rstuvwx
 isn:893472seqno:897181 payload:stuvwxyzab
 isn:893472seqno:897191 payload:tu
 isn:893472seqno:897193 payload:uvwx
 isn:893472seqno:897197 payload:vwx
 isn:893472seqno:897200 payload:wxy
 isn:893472seqno:897203 payload:xyzabcde
 isn:893472seqno:897211 payload:yzabcd
 isn:893472seqno:897217 payload:z
 isn:893472seqno:897218 payload:abcdefg
 isn:893472seqno:897225 payload:b
 isn:893472seqno:897226 payload:cd
 isn:893472seqno:897228 payload:def
 isn:893472seqno:897231 payload:e
 isn:893472seqno:897232 payload:fghij
 isn:893472seqno:897237 payload:ghij
 isn:893472seqno:897241 payload:hijklmno
 isn:893472seqno:897249 payload:ijk
 isn:893472seqno:897252 payload:jklmnopqrs
 isn:893472seqno:897262 payload:klmnopqrst
 isn:893472seqno:897272 payload:lmnopqrs
 isn:893472seqno:897280 payload:mnopqrst
 isn:893472seqno:897288 payload:nopqrstuv
 isn:893472seqno:897297 payload:opqrs
 isn:893472seqno:897302 payload:pqr
 isn:893472seqno:897305 payload:qr
 isn:893472seqno:897307 payload:rstuvw
 isn:893472seqno:897313 payload:stuvwxyza
 isn:893472seqno:897322 payload:t
 isn:893472seqno:897323 payload:u
 isn:893472seqno:897324 payload:vwxyz
 isn:893472seqno:897329 payload:wxyza
 isn:893472seqno:897334 payload:x
 isn:893472seqno:897335 payload:yzabcd
 isn:893472seqno:897341 payload:zabcd
 isn:893472seqno:897346 payload:abcdefg
 isn:893472seqno:897353 payload:bcde
 isn:893472seqno:897357 payload:cd
 isn:893472seqno:897359 payload:defghi
 isn:893472seqno:897365 payload:efghijklm
 isn:893472seqno:897374 payload:fghij
 isn:893472seqno:897379 payload:ghi
 isn:893472seqno:897382 payload:hijklm
 isn:893472seqno:897388 payload:ijklmn
 isn:893472seqno:897394 payload:jklmnopqrs
 isn:893472seqno:897404 payload:klmnop
 isn:893472seqno:897410 payload:lmn
 isn:893472seqno:897413 payload:mnopqrs
 isn:893472seqno:897420 payload:nop
 isn:893472seqno:897423 payload:opqr
 isn:893472seqno:897427 payload:pqr
 isn:893472seqno:897430 payload:qr
 isn:893472seqno:897432 payload:rst
 isn:893472seqno:897435 payload:stuvwxyza
 isn:893472seqno:897444 payload:tu
 isn:893472seqno:897446 payload:uvwxyzab
 isn:893472seqno:897454 payload:v
 isn:893472seqno:897455 payload:wxy
 isn:893472seqno:897458 payload:xyzab
 isn:893472seqno:897463 payload:yz
 isn:893472seqno:897465 payload:zabcd
 isn:893472seqno:897470 payload:abcdef
 isn:893472seqno:897476 payload:b
 isn:893472seqno:897477 payload:c
 isn:893472seqno:897478 payload:defghi
 isn:893472seqno:897484 payload:efghij
 isn:893472seqno:897490 payload:fghi
 isn:893472seqno:897494 payload:ghijkl
 isn:893472seqno:897500 payload:hijklmnopq
 isn:893472seqno:897510 payload:ijkl
 isn:893472seqno:897514 payload:jklmnopq
 isn:893472seqno:897522 payload:kl
 isn:893472seqno:897524 payload:l
 isn:893472seqno:897525 payload:mno
 isn:893472seqno:897528 payload:nopqr
 isn:893472seqno:897533 payload:opqrstu
 isn:893472seqno:897540 payload:pqrstuvwxy
 isn:893472seqno:897550 payload:qrs
 isn:893472seqno:897553 payload:rs
 isn:893472seqno:897555 payload:stuvw
 isn:893472seqno:897560 payload:tuvwx
 isn:893472seqno:897565 payload:uv
 isn:893472seqno:897567 payload:vwxyzabcd
 isn:893472seqno:897576 payload:wx
 isn:893472seqno:897578 payload:xy
 isn:893472seqno:897580 payload:yzabcdefgh
 isn:893472seqno:897590 payload:zabcdefgh
 isn:893472seqno:897599 payload:abcdefghi
 isn:893472seqno:897608 payload:bcdefgh
 isn:893472seqno:897615 payload:cdefghi
 isn:893472seqno:897622 payload:defghijk
 isn:893472seqno:897630 payload:efg
 isn:893472seqno:897633 payload:fghijklm
 isn:893472seqno:897641 payload:ghijklm
 isn:893472seqno:897648 payload:hi
 isn:893472seqno:897650 payload:ijkl
 isn:893472seqno:897654 payload:jklmnopq
 isn:893472seqno:897662 payload:klmno
 isn:893472seqno:897667 payload:lmnopqr
 isn:893472seqno:897674 payload:mnopqr
 isn:893472seqno:897680 payload:nopqrs
 isn:893472seqno:897686 payload:opqr
 isn:893472seqno:897690 payload:pqr
 isn:893472seqno:897693 payload:qrstu
 isn:893472seqno:897698 payload:rstuvwxy
 isn:893472seqno:897706 payload:stuvwxyzab
 isn:893472seqno:897716 payload:tuvw
 isn:893472seqno:897720 payload:uvwxyza
 isn:893472seqno:897727 payload:vwxy
 isn:893472seqno:897731 payload:wx
 isn:893472seqno:897733 payload:x
 isn:893472seqno:897734 payload:yz
 isn:893472seqno:897736 payload:zabc
 isn:893472seqno:897740 payload:abcde
 isn:893472seqno:897745 payload:bc
 isn:893472seqno:897747 payload:cd
 isn:893472seqno:897749 payload:defghi
 isn:893472seqno:897755 payload:efgh
 isn:893472seqno:897759 payload:fghijklmno
 isn:893472seqno:897769 payload:ghijkl
 isn:893472seqno:897775 payload:hij
 isn:893472seqno:897778 payload:ijklmn
 isn:893472seqno:897784 payload:jkl
 isn:893472seqno:897787 payload:klmnopqrs
 isn:893472seqno:897796 payload:lmnopqrst
 isn:893472seqno:897805 payload:mnopqr
 isn:893472seqno:897811 payload:nopqrst
 isn:893472seqno:897818 payload:opqrstuv
 isn:893472seqno:897826 payload:pqrs
 isn:893472seqno:897830 payload:qrs
 isn:893472seqno:897833 payload:rstuvwxy
 isn:893472seqno:897841 payload:stuvwx
 isn:893472seqno:897847 payload:tu
 isn:893472seqno:897849 payload:uvwxy
 isn:893472seqno:897854 payload:vwxyzabcde
 isn:893472seqno:897864 payload:wxyzab
 isn:893472seqno:897870 payload:xyzabcde
 isn:893472seqno:897878 payload:yzabcdef
 isn:893472seqno:897886 payload:zabc
 isn:893472seqno:897890 payload:abc
 isn:893472seqno:897893 payload:bcdefghijk
 isn:893472seqno:897903 payload:cd
 isn:893472seqno:897905 payload:de
 isn:893472seqno:897907 payload:efghijklmn
 isn:893472seqno:897917 payload:fghijklmn
 isn:893472seqno:897926 payload:ghi
 isn:893472seqno:897929 payload:hijklmno
 isn:893472seqno:897937 payload:ijklm
 isn:893472seqno:897942 payload:jklmnopq
 isn:893472seqno:897950 payload:klmn
 isn:893472seqno:897954 payload:lmnopqrstu
 isn:893472seqno:897964 payload:mnopqr
 isn:893472seqno:897970 payload:nopqrstu
 isn:893472seqno:897978 payload:opqrs
 isn:893472seqno:897983 payload:pqrstuvwx
 isn:893472seqno:897992 payload:qrs
 isn:893472seqno:897995 payload:rs
 isn:893472seqno:897997 payload:stu
 isn:893472seqno:898000 payload:t
 isn:893472seqno:898001 payload:u
 isn:893472seqno:898002 payload:vw
 isn:893472seqno:898004 payload:wxyzabc
 isn:893472seqno:898011 payload:xyza
 isn:893472seqno:898015 payload:yzabcdefgh
 isn:893472seqno:898025 payload:zabcdefgh
 isn:893472seqno:898034 payload:abcdefghij
 isn:893472seqno:898044 payload:bcdefghij
 isn:893472seqno:898053 payload:cdefg
 isn:893472seqno:898058 payload:defghijkl
 isn:893472seqno:898067 payload:efghijklm
 isn:893472seqno:898076 payload:fgh
 isn:893472seqno:898079 payload:gh
 isn:893472seqno:898081 payload:hijkl
 isn:893472seqno:898086 payload:ijklmnopq
 isn:893472seqno:898095 payload:jklmnop
 isn:893472seqno:898102 payload:klmn
 isn:893472seqno:898106 payload:lmnopqr
 isn:893472seqno:898113 payload:mno
 isn:893472seqno:898116 payload:nopqrstuv
 isn:893472seqno:898125 payload:o
 isn:893472seqno:898126 payload:pqrstuv
 isn:893472seqno:898133 payload:qrst
 isn:893472seqno:898137 payload:rstuvwx
 isn:893472seqno:898144 payload:stuv
 isn:893472seqno:898148 payload:tuvwx
 isn:893472seqno:898153 payload:uvwxyzabc
 isn:893472seqno:898162 payload:vwx
 isn:893472seqno:898165 payload:w
 isn:893472seqno:898166 payload:xyza
 isn:893472seqno:898170 payload:y
 isn:893472seqno:898171 payload:zabcd
 isn:893472seqno:898176 payload:abcdefg
 isn:893472seqno:898183 payload:b
 isn:893472seqno:898184 payload:cdefghij
 isn:893472seqno:898192 payload:de
 isn:893472seqno:898194 payload:efghij
 isn:893472seqno:898200 payload:fghijklmno
 isn:893472seqno:898210 payload:ghijklmn
 isn:893472seqno:898218 payload:hi
 isn:893472seqno:898220 payload:ijkl
 isn:893472seqno:898224 payload:jklmnopqr
 isn:893472seqno:898233 payload:klmnopqrs
 isn:893472seqno:898242 payload:lmnopqrstu
 isn:893472seqno:898252 payload:mn
 isn:893472seqno:898254 payload:no
 isn:893472seqno:898256 payload:opqrstuvwx
 isn:893472seqno:898266 payload:pqrstuvwxy
 isn:893472seqno:898276 payload:qr
 isn:893472seqno:898278 payload:rst
 isn:893472seqno:898281 payload:stuvwxyzab
 isn:893472seqno:898291 payload:tuvwxyza
 isn:893472seqno:898299 payload:uvw
 isn:893472seqno:898302 payload:vwxyzabc
 isn:893472seqno:898310 payload:wxyzabc
 isn:893472seqno:898317 payload:x
 isn:893472seqno:898318 payload:yzab
 isn:893472seqno:898322 payload:zabc
 isn:893472seqno:898326 payload:a
 isn:893472seqno:898327 payload:bcdef
 isn:893472seqno:898332 payload:cdefghijkl
 isn:893472seqno:898342 payload:defghi
 isn:893472seqno:898348 payload:efghij
 isn:893472seqno:898354 payload:fghijklmno
 isn:893472seqno:898364 payload:ghijk
 isn:893472seqno:898369 payload:hijk
 isn:893472seqno:898373 payload:ijkl
 isn:893472seqno:898377 payload:j
 isn:893472seqno:898378 payload:kl
 isn:893472seqno:898380 payload:lm
 isn:893472seqno:898382 payload:mnop
 isn:893472seqno:898386 payload:nopqrstuv
 isn:893472seqno:898395 payload:opqrstu
 isn:893472seqno:898402 payload:pqrstuvwx
 isn:893472seqno:898411 payload:qr
 isn:893472seqno:898413 payload:rs
 isn:893472seqno:898415 payload:stuvw
 isn:893472seqno:898420 payload:tuvwxy
 isn:893472seqno:898426 payload:uvwxy
 isn:893472seqno:898431 payload:v
 isn:893472seqno:898432 payload:wxyza
 isn:893472seqno:898437 payload:xyzab
 isn:893472seqno:898442 payload:yza
 isn:893472seqno:898445 payload:zabcdefg
 isn:893472seqno:898453 payload:abcdefghij
 isn:893472seqno:898463 payload:bcd
 isn:893472seqno:898466 payload:cdefgh
 isn:893472seqno:898472 payload:defghijklm
 isn:893472seqno:898482 payload:efgh
 isn:893472seqno:898486 payload:fghi
 isn:893472seqno:898490 payload:ghijklmno
 isn:893472seqno:898499 payload:hi
 isn:893472seqno:898501 payload:ijklmno
 isn:893472seqno:898508 payload:jklmnopqrs
 isn:893472seqno:898518 payload:klmnopqr
 isn:893472seqno:898526 payload:lmnopqrst
 isn:893472seqno:898535 payload:mnopqrstuv
 isn:893472seqno:898545 payload:no
 isn:893472seqno:898547 payload:opqrstuvw
 isn:893472seqno:898556 payload:pqrstuvwx
 isn:893472seqno:898565 payload:qrstuvwxyz
 isn:893472seqno:898575 payload:rstuvwxyz
 isn:893472seqno:898584 payload:s
 isn:893472seqno:898585 payload:tuvwxyz
 isn:893472seqno:898592 payload:uv
 isn:893472seqno:898594 payload:vwxyzabcde
 isn:893472seqno:898604 payload:wxyz
 isn:893472seqno:898608 payload:xyzabc
 isn:893472seqno:898614 payload:yzab
 isn:893472seqno:898618 payload:zabc
 isn:893472seqno:898622 payload:a
 isn:893472seqno:898623 payload:bcdefghijk
 isn:893472seqno:898633 payload:cdefghi
 isn:893472seqno:898640 payload:defghij
 isn:893472seqno:898647 payload:e
 isn:893472seqno:898648 payload:fghijklm
 isn:893472seqno:898656 payload:ghijk
 isn:893472seqno:898661 payload:hijklmnop
 isn:893472seqno:898670 payload:ijklmno
 isn:893472seqno:898677 payload:jklmnopq
 isn:893472seqno:898685 payload:klmnopq
 isn:893472seqno:898692 payload:lmnopqrst
 isn:893472seqno:898701 payload:mnopqrstuv
 isn:893472seqno:898711 payload:nopq
 isn:893472seqno:898715 payload:opqrs
 isn:893472seqno:898720 payload:pqr
 isn:893472seqno:898723 payload:qrs
 isn:893472seqno:898726 payload:rstuvwxyza
 isn:893472seqno:898736 payload:stuvw
 isn:893472seqno:898741 payload:tuvwxyzab
 isn:893472seqno:898750 payload:uvwxyz
 isn:893472seqno:898756 payload:vwxyza
 isn:893472seqno:898762 payload:wxy
 isn:893472seqno:898765 payload:xyz
 isn:893472seqno:898768 payload:yz
 isn:893472seqno:898770 payload:zabcdefg
 isn:893472seqno:898778 payload:abcde
 isn:893472seqno:898783 payload:b
 isn:893472seqno:898784 payload:cdefg
 isn:893472seqno:898789 payload:defg
 isn:893472seqno:898793 payload:efghijklm
 isn:893472seqno:898802 payload:f
 isn:893472seqno:898803 payload:ghij
 isn:893472seqno:898807 payload:hijklmn
 isn:893472seqno:898814 payload:i
 isn:893472seqno:898815 payload:jklmnop
 isn:893472seqno:898822 payload:klmnop
 isn:893472seqno:898828 payload:lmn
 isn:893472seqno:898831 payload:mnopqr
 isn:893472seqno:898837 payload:nopq
 isn:893472seqno:898841 payload:opqrst
 isn:893472seqno:898847 payload:pq
 isn:893472seqno:898849 payload:qrstuvwx
 isn:893472seqno:898857 payload:rstuvwx
 isn:893472seqno:898864 payload:stuvwxy
 isn:893472seqno:898871 payload:tuv
 isn:893472seqno:898874 payload:uvw
 isn:893472seqno:898877 payload:vwxyzabcd
 isn:893472seqno:898886 payload:w
 isn:893472seqno:898887 payload:xyzabcd
 isn:893472seqno:898894 payload:yzabcdefgh
 isn:893472seqno:898904 payload:zabcde
 isn:893472seqno:898910 payload:abcdefgh
 isn:893472seqno:898918 payload:bcd
 isn:893472seqno:898921 payload:cdefg
 isn:893472seqno:898926 payload:defghijk
 isn:893472seqno:898934 payload:ef
 isn:893472seqno:898936 payload:fghijkl
 isn:893472seqno:898943 payload:ghi
 isn:893472seqno:898946 payload:hijklmn
 isn:893472seqno:898953 payload:ijklm
 isn:893472seqno:898958 payload:jklmno
 isn:893472seqno:898964 payload:k
 isn:893472seqno:898965 payload:lmnopqrst
 isn:893472seqno:898974 payload:mn
 isn:893472seqno:898976 payload:nop
 isn:893472seqno:898979 payload:op
 isn:893472seqno:898981 payload:pqrstu
 isn:893472seqno:898987 payload:qrs
 isn:893472seqno:898990 payload:r
 isn:893472seqno:898991 payload:s
 isn:893472seqno:898992 payload:tuvwxyzab
 isn:893472seqno:899001 payload:uvwx
 isn:893472seqno:899005 payload:vwxyzabcd
 isn:893472seqno:899014 payload:wxy
 isn:893472seqno:899017 payload:xyza
 isn:893472seqno:899021 payload:yza
 isn:893472seqno:899024 payload:zabcdefghi
 isn:893472seqno:899034 payload:abcdefgh
 isn:893472seqno:899042 payload:bc
 isn:893472seqno:899044 payload:cdef
 isn:893472seqno:899048 payload:defghijklm
 isn:893472seqno:899058 payload:ef
 isn:893472seqno:899060 payload:fghi
 isn:893472seqno:899064 payload:ghijklm
 isn:893472seqno:899071 payload:hijklmn
 isn:893472seqno:899078 payload:ijk
 isn:893472seqno:899081 payload:jklmnop
 isn:893472seqno:899088 payload:klmnopqrs
 isn:893472seqno:899097 payload:lmnopq
 isn:893472seqno:899103 payload:mno
 isn:893472seqno:899106 payload:nopqrstuv
 isn:893472seqno:899115 payload:o
 isn:893472seqno:899116 payload:pqrstuvwxy
 isn:893472seqno:899126 payload:qrst
 isn:893472seqno:899130 payload:rstuvwxyz
 isn:893472seqno:899139 payload:stuv
 isn:893472seqno:899143 payload:tuvwxyzab
 isn:893472seqno:899152 payload:uvwxyzab
 isn:893472seqno:899160 payload:vwxyz
 isn:893472seqno:899165 payload:wxyzab
 isn:893472seqno:899171 payload:xyzabcd
 isn:893472seqno:899178 payload:yz
 isn:893472seqno:899180 payload:za
 isn:893472seqno:899182 payload:abcdefg
 isn:893472seqno:899189 payload:bc
 isn:893472seqno:899191 payload:cdefghijkl
 isn:893472seqno:899201 payload:defghijk
 isn:893472seqno:899209 payload:efghijkl
 isn:893472seqno:899217 payload:fgh
 isn:893472seqno:899220 payload:ghijkl
 isn:893472seqno:899226 payload:hijklmnopq
 isn:893472seqno:899236 payload:i
 isn:893472seqno:899237 payload:jklmnopq
 isn:893472seqno:899245 payload:klmnop
 isn:893472seqno:899251 payload:lmnopqrst
 isn:893472seqno:899260 payload:mno
 isn:893472seqno:899263 payload:nopqr
 isn:893472seqno:899268 payload:opq
 isn:893472seqno:899271 payload:p
 isn:893472seqno:899272 payload:qrstuvwxyz
 isn:893472seqno:899282 payload:rstuvwxy
 isn:893472seqno:899290 payload:stuvwxyza
 isn:893472seqno:899299 payload:tuvw
 isn:893472seqno:899303 payload:uvwx
 isn:893472seqno:899307 payload:vwxy
 isn:893472seqno:899311 payload:wxyzabcde
 isn:893472seqno:899320 payload:xyzabcdefg
 isn:893472seqno:899330 payload:yzab
 isn:893472seqno:899334 payload:zabc
 isn:893472seqno:899338 payload:abcdefghi
 isn:893472seqno:899347 payload:bcdefghijk
 isn:893472seqno:899357 payload:c
 isn:893472seqno:899358 payload:defghijk
 isn:893472seqno:899366 payload:efg
 isn:893472seqno:899369 payload:fgh
 isn:893472seqno:899372 payload:gh
 isn:893472seqno:899374 payload:hijklmnopq
 isn:893472seqno:899384 payload:ijklmnop
 isn:893472seqno:899392 payload:jklmnopq
 isn:893472seqno:899400 payload:k
 isn:893472seqno:899401 payload:l
 isn:893472seqno:899402 payload:mno
 isn:893472seqno:899405 payload:nopqrs
 isn:893472seqno:899411 payload:opqr
 isn:893472seqno:899415 payload:p
 isn:893472seqno:899416 payload:qrstuvw
 isn:893472seqno:899423 payload:rstu
 isn:893472seqno:899427 payload:st
 isn:893472seqno:899429 payload:tuvwxy
 isn:893472seqno:899435 payload:uvwxyzabc
 isn:893472seqno:899444 payload:vwxyzab
 isn:893472seqno:899451 payload:wxyz
 isn:893472seqno:899455 payload:xyzab
 isn:893472seqno:899460 payload:yzabcdefg
 isn:893472seqno:899469 payload:zabcdefgh
 isn:893472seqno:899478 payload:ab
 isn:893472seqno:899480 payload:bcde
 isn:893472seqno:899484 payload:cdefghijk
 isn:893472seqno:899493 payload:de
 isn:893472seqno:899495 payload:ef
 isn:893472seqno:899497 payload:f
 isn:893472seqno:899498 payload:ghi
 isn:893472seqno:899501 payload:h
 isn:893472seqno:899502 payload:ijklm
 isn:893472seqno:899507 payload:jklm
 isn:893472seqno:899511 payload:klm
 isn:893472seqno:899514 payload:lm
 isn:893472seqno:899516 payload:mnop
 isn:893472seqno:899520 payload:nopqrst
 isn:893472seqno:899527 payload:opq
 isn:893472seqno:899530 payload:pqrs
 isn:893472seqno:899534 payload:qrstuvwx
 isn:893472seqno:899542 payload:rstu
 isn:893472seqno:899546 payload:stuvwxyzab
 isn:893472seqno:899556 payload:tuv
 isn:893472seqno:899559 payload:uvwxy
 isn:893472seqno:899564 payload:vwx
 isn:893472seqno:899567 payload:wxyzabcd
 isn:893472seqno:899575 payload:xyzabc
 isn:893472seqno:899581 payload:yzabcdefgh
 isn:893472seqno:899591 payload:zab
 isn:893472seqno:899594 payload:abcdefg
 isn:893472seqno:899601 payload:bcdefg
 isn:893472seqno:899607 payload:cdefghij
 isn:893472seqno:899615 payload:def
 isn:893472seqno:899618 payload:efghi
 isn:893472seqno:899623 payload:fghij
 isn:893472seqno:899628 payload:ghijklmno
 isn:893472seqno:899637 payload:hij
 isn:893472seqno:899640 payload:ijklmnop
 isn:893472seqno:899648 payload:jklmnop
 isn:893472seqno:899655 payload:klmnopqrst
 isn:893472seqno:899665 payload:l
 isn:893472seqno:899666 payload:m
 isn:893472seqno:899667 payload:nopqr
 isn:893472seqno:899672 payload:opqrst
 isn:893472seqno:899678 payload:pqr
 isn:893472seqno:899681 payload:q
 isn:893472seqno:899682 payload:rstuv
 isn:893472seqno:899687 payload:stuvwxyzab
 isn:893472seqno:899697 payload:tuvwxy
 isn:893472seqno:899703 payload:uvwxy
 isn:893472seqno:899708 payload:vwxyz
 isn:893472seqno:899713 payload:wxyz
 isn:893472seqno:899717 payload:xyzabcdef
 isn:893472seqno:899726 payload:yzab
 isn:893472seqno:899730 payload:za
 isn:893472seqno:899732 payload:abcdef
 isn:893472seqno:899738 payload:bcdefgh
 isn:893472seqno:899745 payload:cdefghi
 isn:893472seqno:899752 payload:defgh
 isn:893472seqno:899757 payload:efgh
 isn:893472seqno:899761 payload:fghijkl
 isn:893472seqno:899768 payload:ghijklmn
 isn:893472seqno:899776 payload:hijk
 isn:893472seqno:899780 payload:ijklmno
 isn:893472seqno:899787 payload:jklmnop
 isn:893472seqno:899794 payload:klmnopqrs
 isn:893472seqno:899803 payload:l
 isn:893472seqno:899804 payload:mnopqrst
 isn:893472seqno:899812 payload:nopqrstu
 isn:893472seqno:899820 payload:opqrstuv
 isn:893472seqno:899828 payload:pq
 isn:893472seqno:899830 payload:q
 isn:893472seqno:899831 payload:rst
 isn:893472seqno:899834 payload:stuvwxy
 isn:893472seqno:899841 payload:tuvwxyza
 isn:893472seqno:899849 payload:uvwxyz
 isn:893472seqno:899855 payload:vw
 isn:893472seqno:899857 payload:wxyzab
 isn:893472seqno:899863 payload:x
 isn:893472seqno:899864 payload:yzabcdefg
 isn:893472seqno:899873 payload:zabcdef
 isn:893472seqno:899880 payload:abcd
 isn:893472seqno:899884 payload:bcdefg
 isn:893472seqno:899890 payload:cde
 isn:893472seqno:899893 payload:defghi
 isn:893472seqno:899899 payload:efghijklmn
 isn:893472seqno:899909 payload:fg
 isn:893472seqno:899911 payload:ghijk
 isn:893472seqno:899916 payload:hijklmn
 isn:893472seqno:899923 payload:i
 isn:893472seqno:899924 payload:jkl
 isn:893472seqno:899927 payload:klmnop
 isn:893472seqno:899933 payload:lmn
 isn:893472seqno:899936 payload:mno
 isn:893472seqno:899939 payload:nopqrs
 isn:893472seqno:899945 payload:opqrstu
 isn:893472seqno:899952 payload:pqrstuvw
 isn:893472seqno:899960 payload:qrstuv
 isn:893472seqno:899966 payload:rstuvwxyz
 isn:893472seqno:899975 payload:st
 isn:893472seqno:899977 payload:t
 isn:893472seqno:899978 payload:uvwxyzabcd
 isn:893472seqno:899988 payload:vwxyz
 isn:893472seqno:899993 payload:wxyza
 isn:893472seqno:899998 payload:xyz
 isn:893472seqno:900001 payload:yzabc
 isn:893472seqno:900006 payload:zabcdef
 isn:893472seqno:900013 payload:a
 isn:893472seqno:900014 payload:bcdefghij
 isn:893472seqno:900023 payload:cdefghij
 isn:893472seqno:900031 payload:defghi
 isn:893472seqno:900037 payload:efghijklmn
 isn:893472seqno:900047 payload:fghijkl
 isn:893472seqno:900054 payload:g
 isn:893472seqno:900055 payload:hij
 isn:893472seqno:900058 payload:ijkl
 isn:893472seqno:900062 payload:jkl
 isn:893472seqno:900065 payload:klmnopq
 isn:893472seqno:900072 payload:lmnopqrst
 isn:893472seqno:900081 payload:mnopq
 isn:893472seqno:900086 payload:nopqrst
 isn:893472seqno:900093 payload:opqrstu
 isn:893472seqno:900100 payload:pqrst
 isn:893472seqno:900105 payload:qr
 isn:893472seqno:900107 payload:rstu
 isn:893472seqno:900111 payload:stuvw
 isn:893472seqno:900116 payload:tuv
 isn:893472seqno:900119 payload:uvwxyzabc
 isn:893472seqno:900128 payload:vwxyzabc
 isn:893472seqno:900136 payload:wxyz
 isn:893472seqno:900140 payload:xyzabcdefg
 isn:893472seqno:900150 payload:yzabcd
 isn:893472seqno:900156 payload:zabcdefghi
 isn:893472seqno:900166 payload:a
 isn:893472seqno:900167 payload:bcdefgh
 isn:893472seqno:900174 payload:cdefghij
 isn:893472seqno:900182 payload:defghijk
 isn:893472seqno:900190 payload:ef
 isn:893472seqno:900192 payload:fgh
 isn:893472seqno:900195 payload:ghijklmnop
 isn:893472seqno:900205 payload:h
 isn:893472seqno:900206 payload:ij
 isn:893472seqno:900208 payload:j
 isn:893472seqno:900209 payload:klmn
 isn:893472seqno:900213 payload:lmnopqrs
 isn:893472seqno:900221 payload:mnopqrstu
 isn:893472seqno:900230 payload:nopq
 isn:893472seqno:900234 payload:opqrstuvw
 isn:893472seqno:900243 payload:pqrstuv
 isn:893472seqno:900250 payload:qrst
 isn:893472seqno:900254 payload:rst
 isn:893472seqno:900257 payload:stu
 isn:893472seqno:900260 payload:tuvwxyzabc
 isn:893472seqno:900270 payload:uvwx
 isn:893472seqno:900274 payload:vw
 isn:893472seqno:900276 payload:wxyzabcdef
 isn:893472seqno:900286 payload:xyzabc
 isn:893472seqno:900292 payload:yzabcdefgh
 isn:893472seqno:900302 payload:zabcd
 isn:893472seqno:900307 payload:abc
 isn:893472seqno:900310 payload:bcd
 isn:893472seqno:900313 payload:cde
 isn:893472seqno:900316 payload:def
 isn:893472seqno:900319 payload:efg
 isn:893472seqno:900322 payload:fghijkl
 isn:893472seqno:900329 payload:gh
 isn:893472seqno:900331 payload:hijkl
 isn:893472seqno:900336 payload:i
 isn:893472seqno:900337 payload:j
 isn:893472seqno:900338 payload:klmnopqr
 isn:893472seqno:900346 payload:lmno
 isn:893472seqno:900350 payload:mn
 isn:893472seqno:900352 payload:nopqrstuv
 isn:893472seqno:900361 payload:opqrstuvw
 isn:893472seqno:900370 payload:p
 isn:893472seqno:900371 payload:q
 isn:893472seqno:900372 payload:rstu
 isn:893472seqno:900376 payload:stuvwxyza
 isn:893472seqno:900385 payload:tuvwxyza
 isn:893472seqno:900393 payload:uvwxyzabcd
 isn:893472seqno:900403 payload:vwxy
 isn:893472seqno:900407 payload:wxyzabc
 isn:893472seqno:900414 payload:xyzabcd
 isn:893472seqno:900421 payload:yz
 isn:893472seqno:900423 payload:zabcdef
 isn:893472seqno:900430 payload:abcdefghi
 isn:893472seqno:900439 payload:bc
 isn:893472seqno:900441 payload:cd
 isn:893472seqno:900443 payload:defghijklm
 isn:893472seqno:900453 payload:efg
 isn:893472seqno:900456 payload:fghijklmn
 isn:893472seqno:900465 payload:ghijklmno
 isn:893472seqno:900474 payload:hij
 isn:893472seqno:900477 payload:ijklmn
 isn:893472seqno:900483 payload:jklmnopq
 isn:893472seqno:900491 payload:klmnopq
 isn:893472seqno:900498 payload:lm
 isn:893472seqno:900500 payload:mnop
 isn:893472seqno:900504 payload:nopqrs
 isn:893472seqno:900510 payload:opqrstuvwx
 isn:893472seqno:900520 payload:pqrstu
 isn:893472seqno:900526 payload:qrstuvwx
 isn:893472seqno:900534 payload:rstuvwxyz
 isn:893472seqno:900543 payload:stuvw
 isn:893472seqno:900548 payload:tuvwxyz
 isn:893472seqno:900555 payload:uvwxyzabc
 isn:893472seqno:900564 payload:vwxy
 isn:893472seqno:900568 payload:wxyza
 isn:893472seqno:900573 payload:xyzabcde
 isn:893472seqno:900581 payload:yzabc
 isn:893472seqno:900586 payload:zabcdefgh
 isn:893472seqno:900595 payload:ab
 isn:893472seqno:900597 payload:bcde
 isn:893472seqno:900601 payload:cdefghijk
 isn:893472seqno:900610 payload:def
 isn:893472seqno:900613 payload:efgh
 isn:893472seqno:900617 payload:f
 isn:893472seqno:900618 payload:ghijklmn
 isn:893472seqno:900626 payload:hijklmno
 isn:893472seqno:900634 payload:i
 isn:893472seqno:900635 payload:j
 isn:893472seqno:900636 payload:klmnop
 isn:893472seqno:900642 payload:lmnopqr
 isn:893472seqno:900649 payload:m
 isn:893472seqno:900650 payload:nop
 isn:893472seqno:900653 payload:opqrs
 isn:893472seqno:900658 payload:pqrstuvwx
 isn:893472seqno:900667 payload:qrstuvw
 isn:893472seqno:900674 payload:rstuv
 isn:893472seqno:900679 payload:stuvw
 isn:893472seqno:900684 payload:tuvwxyzabc
 isn:893472seqno:900694 payload:uv
 isn:893472seqno:900696 payload:vwxyz
 isn:893472seqno:900701 payload:wxyzabc
 isn:893472seqno:900708 payload:xyzabcd
 isn:893472seqno:900715 payload:yzabc
 isn:893472seqno:900720 payload:za
 isn:893472seqno:900722 payload:abcd
 isn:893472seqno:900726 payload:bcdefghi
 isn:893472seqno:900734 payload:cde
 isn:893472seqno:900737 payload:defghijkl
 isn:893472seqno:900746 payload:efghijklmn
 isn:893472seqno:900756 payload:fghi
 isn:893472seqno:900760 payload:ghijk
 isn:893472seqno:900765 payload:h
 isn:893472seqno:900766 payload:ijklmnopq
 isn:893472seqno:900775 payload:j
 isn:893472seqno:900776 payload:klmnopqr
 isn:893472seqno:900784 payload:lmnopqrst
 isn:893472seqno:900793 payload:mnopqrstuv
 isn:893472seqno:900803 payload:nopq
 isn:893472seqno:900807 payload:opqrs
 isn:893472seqno:900812 payload:pqrstu
 isn:893472seqno:900818 payload:q
 isn:893472seqno:900819 payload:r
 isn:893472seqno:900820 payload:stuvwxyza
 isn:893472seqno:900829 payload:t
 isn:893472seqno:900830 payload:uvwxyzab
 isn:893472seqno:900838 payload:vwx
 isn:893472seqno:900841 payload:wxyz
 isn:893472seqno:900845 payload:xyz
 isn:893472seqno:900848 payload:yza
 isn:893472seqno:900851 payload:zabcde
 isn:893472seqno:900857 payload:abcdefg
 isn:893472seqno:900864 payload:bcdef
 isn:893472seqno:900869 payload:cdefghijk
 isn:893472seqno:900878 payload:defgh
 isn:893472seqno:900883 payload:efghijklmn
 isn:893472seqno:900893 payload:f
 isn:893472seqno:900894 payload:gh
 isn:893472seqno:900896 payload:hijklmn
 isn:893472seqno:900903 payload:ij
 isn:893472seqno:900905 payload:jk
 isn:893472seqno:900907 payload:klmnopqrs
 isn:893472seqno:900916 payload:lmnopqr
 isn:893472seqno:900923 payload:mnopq
 isn:893472seqno:900928 payload:nop
 isn:893472seqno:900931 payload:opqrstuvw
 isn:893472seqno:900940 payload:pqrstuvw
 isn:893472seqno:900948 payload:qrstuvwx
 isn:893472seqno:900956 payload:rstuvw
 isn:893472seqno:900962 payload:stuvw
 isn:893472seqno:900967 payload:tuvwxyza
 isn:893472seqno:900975 payload:uvwxyzabcd
 isn:893472seqno:900985 payload:v
 isn:893472seqno:900986 payload:wxyzabcde
 isn:893472seqno:900995 payload:xyzabcd
 isn:893472seqno:901002 payload:yza
 isn:893472seqno:901005 payload:zabcde
 isn:893472seqno:901011 payload:abcdefgh
 isn:893472seqno:901019 payload:bcd
 isn:893472seqno:901022 payload:cdefghijkl
 isn:893472seqno:901032 payload:defghi
 isn:893472seqno:901038 payload:ef
 isn:893472seqno:901040 payload:fgh
 isn:893472seqno:901043 payload:ghijklmnop
 isn:893472seqno:901053 payload:hijklmnop
 isn:893472seqno:901062 payload:ijklmnop
 isn:893472seqno:901070 payload:jklmnopqr
 isn:893472seqno:901079 payload:klmnop
 isn:893472seqno:901085 payload:lmnop
 isn:893472seqno:901090 payload:mnopqr
 isn:893472seqno:901096 payload:nopqrst
 isn:893472seqno:901103 payload:opqrstuvwx
 isn:893472seqno:901113 payload:pqrstuvw
 isn:893472seqno:901121 payload:q
 isn:893472seqno:901122 payload:r
 isn:893472seqno:901123 payload:st
 isn:893472seqno:901125 payload:tuvwx
 isn:893472seqno:901130 payload:uv
 isn:893472seqno:901132 payload:vwx
 isn:893472seqno:901135 payload:wxyzabc
 isn:893472seqno:901142 payload:xyzabc
 isn:893472seqno:901148 payload:yzabcdef
 isn:893472seqno:901156 payload:zabcde
 isn:893472seqno:901162 payload:abcdefghi
 isn:893472seqno:901171 payload:bcdefg
 isn:893472seqno:901177 payload:cde
 isn:893472seqno:901180 payload:def
 isn:893472seqno:901183 payload:ef
 isn:893472seqno:901185 payload:fghi
 isn:893472seqno:901189 payload:ghijkl
 isn:893472seqno:901195 payload:hijklm
 isn:893472seqno:901201 payload:ijk
 isn:893472seqno:901204 payload:jk
 isn:893472seqno:901206 payload:klmno
 isn:893472seqno:901211 payload:lmnopqrst
 isn:893472seqno:901220 payload:mnopqrstu
 isn:893472seqno:901229 payload:no
 isn:893472seqno:901231 payload:opqrstuvw
 isn:893472seqno:901240 payload:pqrstuv
 isn:893472seqno:901247 payload:qrstuvw
 isn:893472seqno:901254 payload:rstuvwx
 isn:893472seqno:901261 payload:st
 isn:893472seqno:901263 payload:tuvwxyz
 isn:893472seqno:901270 payload:uvw
 isn:893472seqno:901273 payload:vw
 isn:893472seqno:901275 payload:wxyzabcdef
 isn:893472seqno:901285 payload:xyzabcde
 isn:893472seqno:901293 payload:yzabcdef
 isn:893472seqno:901301 payload:za
 isn:893472seqno:901303 payload:abcdef
 isn:893472seqno:901309 payload:bcdefghi
 isn:893472seqno:901317 payload:cdefg
 isn:893472seqno:901322 payload:de
 isn:893472seqno:901324 payload:efghij
 isn:893472seqno:901330 payload:fghijk
 isn:893472seqno:901336 payload:ghij
 isn:893472seqno:901340 payload:h
 isn:893472seqno:901341 payload:ijklmnop
 isn:893472seqno:901349 payload:jkl
 isn:893472seqno:901352 payload:klmnopqrs
 isn:893472seqno:901361 payload:lmnop
 isn:893472seqno:901366 payload:m
 isn:893472seqno:901367 payload:nopqrstuvw
 isn:893472seqno:901377 payload:op
 isn:893472seqno:901379 payload:pqrs
 isn:893472seqno:901383 payload:qrstuvwx
 isn:893472seqno:901391 payload:rstuvwxy
 isn:893472seqno:901399 payload:stuvw
 isn:893472seqno:901404 payload:tuvwxyz
 isn:893472seqno:901411 payload:uv
 isn:893472seqno:901413 payload:vwxyzabcde
 isn:893472seqno:901423 payload:wxyz
 isn:893472seqno:901427 payload:xyzabc
 isn:893472seqno:901433 payload:yzabcdefg
 isn:893472seqno:901442 payload:za
 isn:893472seqno:901444 payload:abcdefghi
 isn:893472seqno:901453 payload:bcd
 isn:893472seqno:901456 payload:c
 isn:893472seqno:901457 payload:defghi
 isn:893472seqno:901463 payload:efghijklmn
 isn:893472seqno:901473 payload:fghij
 isn:893472seqno:901478 payload:ghijklm
 isn:893472seqno:901485 payload:h
 isn:893472seqno:901486 payload:ijklmnopqr
 isn:893472seqno:901496 payload:jkl
 isn:893472seqno:901499 payload:klmnopqrs
 isn:893472seqno:901508 payload:lmno
 isn:893472seqno:901512 payload:mnopqrst
 isn:893472seqno:901520 payload:nopqrst
 isn:893472seqno:901527 payload:opqrstuv
 isn:893472seqno:901535 payload:pqrstuv
 isn:893472seqno:901542 payload:qrstuvw
 isn:893472seqno:901549 payload:rs
 isn:893472seqno:901551 payload:stuvwxy
 isn:893472seqno:901558 payload:tuv
 isn:893472seqno:901561 payload:uvwxy
 isn:893472seqno:901566 payload:vw
 isn:893472seqno:901568 payload:wxyza
 isn:893472seqno:901573 payload:xyz
 isn:893472seqno:901576 payload:yzabcdef
 isn:893472seqno:901584 payload:zabcdefghi
 isn:893472seqno:901594 payload:abc
 isn:893472seqno:901597 payload:b
 isn:893472seqno:901598 payload:cdefghij
 isn:893472seqno:901606 payload:def
 isn:893472seqno:901609 payload:efgh
 isn:893472seqno:901613 payload:fghijkl
 isn:893472seqno:901620 payload:g
 isn:893472seqno:901621 payload:h
 isn:893472seqno:901622 payload:ijklmnopq
 isn:893472seqno:901631 payload:jklmnop
 isn:893472seqno:901638 payload:klmn
 isn:893472seqno:901642 payload:l
 isn:893472seqno:901643 payload:mnopqrst
 isn:893472seqno:901651 payload:nopqrstuv
 isn:893472seqno:901660 payload:opqrst
 isn:893472seqno:901666 payload:pqrstuvwxy
 isn:893472seqno:901676 payload:q
 isn:893472seqno:901677 payload:rstuvwx
 isn:893472seqno:901684 payload:stuv
 isn:893472seqno:901688 payload:tuvwxyzabc
 isn:893472seqno:901698 payload:uvwxy
 isn:893472seqno:901703 payload:vwxyzabc
 isn:893472seqno:901711 payload:w
 isn:893472seqno:901712 payload:x
 isn:893472seqno:901713 payload:yzabc
 isn:893472seqno:901718 payload:z
 isn:893472seqno:901719 payload:abc
 isn:893472seqno:901722 payload:bcdefghij
 isn:893472seqno:901731 payload:cdef
 isn:893472seqno:901735 payload:defghijklm
 isn:893472seqno:901745 payload:ef
 isn:893472seqno:901747 payload:fghijkl
 isn:893472seqno:901754 payload:ghijklmnop
 isn:893472seqno:901764 payload:hij
 isn:893472seqno:901767 payload:ijklmnop
 isn:893472seqno:901775 payload:jklmnop
 isn:893472seqno:901782 payload:klmnopqrst
 isn:893472seqno:901792 payload:lmnop
 isn:893472seqno:901797 payload:mno
 isn:893472seqno:901800 payload:nopq
 isn:893472seqno:901804 payload:opqrstu
 isn:893472seqno:901811 payload:pqr
 isn:893472seqno:901814 payload:qrstuv
 isn:893472seqno:901820 payload:r
 isn:893472seqno:901821 payload:stuvwxyzab
 isn:893472seqno:901831 payload:tuvwxyza
 isn:893472seqno:901839 payload:uvwx
 isn:893472seqno:901843 payload:vwxyzabc
 isn:893472seqno:901851 payload:wx
 isn:893472seqno:901853 payload:xyzab
 isn:893472seqno:901858 payload:yz
 isn:893472seqno:901860 payload:zabcdef
 isn:893472seqno:901867 payload:abc
 isn:893472seqno:901870 payload:bcdefg
 isn:893472seqno:901876 payload:cdefg
 isn:893472seqno:901881 payload:defghijklm
 isn:893472seqno:901891 payload:e
 isn:893472seqno:901892 payload:fghi
 isn:893472seqno:901896 payload:ghijklmno
 isn:893472seqno:901905 payload:hijk
 isn:893472seqno:901909 payload:ijklmno
 isn:893472seqno:901916 payload:j
 isn:893472seqno:901917 payload:klm
 isn:893472seqno:901920 payload:lm
 isn:893472seqno:901922 payload:mn
 isn:893472seqno:901924 payload:nopqrstuvw
 isn:893472seqno:901934 payload:opqrstuvw
 isn:893472seqno:901943 payload:pqrst
 isn:893472seqno:901948 payload:qrstuvwx
 isn:893472seqno:901956 payload:rs
 isn:893472seqno:901958 payload:stuvwxyza
 isn:893472seqno:901967 payload:tuvwxyz
 isn:893472seqno:901974 payload:uvwxyzab
 isn:893472seqno:901982 payload:vwxyzabcd
 isn:893472seqno:901991 payload:w
 isn:893472seqno:901992 payload:xyzabcd
 isn:893472seqno:901999 payload:yzabc
 isn:893472seqno:902004 payload:zabcdefgh
 isn:893472seqno:902013 payload:abcdefghi
 isn:893472seqno:902022 payload:bc
 isn:893472seqno:902024 payload:cd
 isn:893472seqno:902026 payload:defghi
 isn:893472seqno:902032 payload:efg
 isn:893472seqno:902035 payload:f
 isn:893472seqno:902036 payload:ghij
 isn:893472seqno:902040 payload:hijklmnopq
 isn:893472seqno:902050 payload:ijkl
 isn:893472seqno:902054 payload:jklmnopq
 isn:893472seqno:902062 payload:kl
 isn:893472seqno:902064 payload:lmnopq
 isn:893472seqno:902070 payload:mn
 isn:893472seqno:902072 payload:nopqr
 isn:893472seqno:902077 payload:opqrs
 isn:893472seqno:902082 payload:pqr
 isn:893472seqno:902085 payload:qrstuvwx
 isn:893472seqno:902093 payload:rst
 isn:893472seqno:902096 payload:stuvwxyz
 isn:893472seqno:902104 payload:tu
 isn:893472seqno:902106 payload:uvwx
 isn:893472seqno:902110 payload:vw
 isn:893472seqno:902112 payload:wxy
 isn:893472seqno:902115 payload:xyzabc
 isn:893472seqno:902121 payload:yzabcde
 isn:893472seqno:902128 payload:zabcde
 isn:893472seqno:902134 payload:abcdefgh
 isn:893472seqno:902142 payload:bcde
 isn:893472seqno:902146 payload:cdefghij
 isn:893472seqno:902154 payload:def
 isn:893472seqno:902157 payload:efghij
 isn:893472seqno:902163 payload:fg
 isn:893472seqno:902165 payload:ghijk
 isn:893472seqno:902170 payload:hij
 isn:893472seqno:902173 payload:ijklmnopqr
 isn:893472seqno:902183 payload:jklmno
 isn:893472seqno:902189 payload:kl
 isn:893472seqno:902191 payload:lmnop
 isn:893472seqno:902196 payload:m
 isn:893472seqno:902197 payload:nopqrstuvw
 isn:893472seqno:902207 payload:op
 isn:893472seqno:902209 payload:pqrstu
 isn:893472seqno:902215 payload:qrstuv
 isn:893472seqno:902221 payload:rstuvw
 isn:893472seqno:902227 payload:stuvwxy
 isn:893472seqno:902234 payload:tuvwxyz
 isn:893472seqno:902241 payload:u
 isn:893472seqno:902242 payload:vwxyzabcde
 isn:893472seqno:902252 payload:wxyzabc
 isn:893472seqno:902259 payload:xyz
 isn:893472seqno:902262 payload:yzabcdef
 isn:893472seqno:902270 payload:zabcd
 isn:893472seqno:902275 payload:abcdef
 isn:893472seqno:902281 payload:bc
 isn:893472seqno:902283 payload:cdefghi
 isn:893472seqno:902290 payload:de
 isn:893472seqno:902292 payload:efghi
 isn:893472seqno:902297 payload:fghi
 isn:893472seqno:902301 payload:ghijklmnop
 isn:893472seqno:902311 payload:hijkl
 isn:893472seqno:902316 payload:ijkl
 isn:893472seqno:902320 payload:jk
 isn:893472seqno:902322 payload:klmnopqrst
 isn:893472seqno:902332 payload:lmnopqr
 isn:893472seqno:902339 payload:mnopqrstuv
 isn:893472seqno:902349 payload:nopqrst
 isn:893472seqno:902356 payload:opqrstuvw
 isn:893472seqno:902365 payload:pqrstuv
 isn:893472seqno:902372 payload:qrstuv
 isn:893472seqno:902378 payload:rstu
 isn:893472seqno:902382 payload:st
 isn:893472seqno:902384 payload:tuvwxyza
 isn:893472seqno:902392 payload:uv
 isn:893472seqno:902394 payload:vw
 isn:893472seqno:902396 payload:w
 isn:893472seqno:902397 payload:xyzab
 isn:893472seqno:902402 payload:yzabcdefgh
 isn:893472seqno:902412 payload:zabcd
 isn:893472seqno:902417 payload:abcde
 isn:893472seqno:902422 payload:bcdefg
 isn:893472seqno:902428 payload:cde
 isn:893472seqno:902431 payload:defghijkl
 isn:893472seqno:902440 payload:efghijkl
 isn:893472seqno:902448 payload:fghi
 isn:893472seqno:902452 payload:ghijklmnop
 isn:893472seqno:902462 payload:hij
 isn:893472seqno:902465 payload:ijk
 isn:893472seqno:902468 payload:jklmnop
 isn:893472seqno:902475 payload:klmn
 isn:893472seqno:902479 payload:lmnopq
 isn:893472seqno:902485 payload:mnopqrstuv
 isn:893472seqno:902495 payload:nop
 isn:893472seqno:902498 payload:opqrs
 isn:893472seqno:902503 payload:p
 isn:893472seqno:902504 payload:qrstu
 isn:893472seqno:902509 payload:rs
 isn:893472seqno:902511 payload:stuvwxyzab
 isn:893472seqno:902521 payload:tuvwxy
 isn:893472seqno:902527 payload:uvwx
 isn:893472seqno:902531 payload:vwxyzabc
 isn:893472seqno:902539 payload:wxy
 isn:893472seqno:902542 payload:xyzab
 isn:893472seqno:902547 payload:yzabcdef
 isn:893472seqno:902555 payload:z
 isn:893472seqno:902556 payload:abcd
 isn:893472seqno:902560 payload:bcdefghi
 isn:893472seqno:902568 payload:cdef
 isn:893472seqno:902572 payload:de
 isn:893472seqno:902574 payload:e
 isn:893472seqno:902575 payload:fghij
 isn:893472seqno:902580 payload:ghijklm
 isn:893472seqno:902587 payload:hijk
 isn:893472seqno:902591 payload:ijklmnopqr
 isn:893472seqno:902601 payload:jklmn
 isn:893472seqno:902606 payload:klmnopqr
 isn:893472seqno:902614 payload:lmnopqr
 isn:893472seqno:902621 payload:mnopq
 isn:893472seqno:902626 payload:nopqr
 isn:893472seqno:902631 payload:opqrstuvw
 isn:893472seqno:902640 payload:pqrs
 isn:893472seqno:902644 payload:qrst
 isn:893472seqno:902648 payload:rstuvwxy
 isn:893472seqno:902656 payload:stuvwxyza
 isn:893472seqno:902665 payload:tuvwxyza
 isn:893472seqno:902673 payload:uvwxyza
 isn:893472seqno:902680 payload:vwxyzabcde
 isn:893472seqno:902690 payload:wxyzabcdef
 isn:893472seqno:902700 payload:xyza
 isn:893472seqno:902704 payload:yzabcdefgh
 isn:893472seqno:902714 payload:zabcdef
 isn:893472seqno:902721 payload:abcdefgh
 isn:893472seqno:902729 payload:bcd
 isn:893472seqno:902732 payload:cdefghij
 isn:893472seqno:902740 payload:defghijkl
 isn:893472seqno:902749 payload:efgh
 isn:893472seqno:902753 payload:fg
 isn:893472seqno:902755 payload:ghi
 isn:893472seqno:902758 payload:hijklmnop
 isn:893472seqno:902767 payload:ijklmnopqr
 isn:893472seqno:902777 payload:jklm
 isn:893472seqno:902781 payload:klm
 isn:893472seqno:902784 payload:lmnopqrstu
 isn:893472seqno:902794 payload:mnopqrstuv
 isn:893472seqno:902804 payload:nopqrst
 isn:893472seqno:902811 payload:opqrstuvwx
 isn:893472seqno:902821 payload:pqrstuv
 isn:893472seqno:902828 payload:qr
 isn:893472seqno:902830 payload:r
 isn:893472seqno:902831 payload:stuvwxyzab
 isn:893472seqno:902841 payload:tuvwxyzabc
 isn:893472seqno:902851 payload:uvwxyzabcd
 isn:893472seqno:902861 payload:vwxyza
 isn:893472seqno:902867 payload:wxyzabcd
 isn:893472seqno:902875 payload:xy
 isn:893472seqno:902877 payload:y
 isn:893472seqno:902878 payload:za
 isn:893472seqno:902880 payload:abcdefghi
 isn:893472seqno:902889 payload:bcdefgh
 isn:893472seqno:902896 payload:cde
 isn:893472seqno:902899 payload:de
 isn:893472seqno:902901 payload:e
 isn:893472seqno:902902 payload:fghijklmno
 isn:893472seqno:902912 payload:ghijkl
 isn:893472seqno:902918 payload:hijklmn
 isn:893472seqno:902925 payload:i
 isn:893472seqno:902926 payload:jklmn
 isn:893472seqno:902931 payload:klm
 isn:893472seqno:902934 payload:lmnopqrs
 isn:893472seqno:902942 payload:mnop
 isn:893472seqno:902946 payload:nopqr
 isn:893472seqno:902951 payload:opqrstuvwx
 isn:893472seqno:902961 payload:pqrs
 isn:893472seqno:902965 payload:qrstuvwxyz
 isn:893472seqno:902975 payload:rstuvwxyz
 isn:893472seqno:902984 payload:stuvwxyzab
 isn:893472seqno:902994 payload:tu
 isn:893472seqno:902996 payload:uvwxyzabc
 isn:893472seqno:903005 payload:vwxyzab
 isn:893472seqno:903012 payload:wxyza
 isn:893472seqno:903017 payload:xyz
 isn:893472seqno:903020 payload:y
 isn:893472seqno:903021 payload:z
 isn:893472seqno:903022 payload:a
 isn:893472seqno:903023 payload:bcde
 isn:893472seqno:903027 payload:cdefg
 isn:893472seqno:903032 payload:defghijk
 isn:893472seqno:903040 payload:ef
 isn:893472seqno:903042 payload:fghijkl
 isn:893472seqno:903049 payload:gh
 isn:893472seqno:903051 payload:hi
 isn:893472seqno:903053 payload:ijklmno
 isn:893472seqno:903060 payload:jklmnop
 isn:893472seqno:903067 payload:klm
 isn:893472seqno:903070 payload:lmnopqrstu
 isn:893472seqno:903080 payload:mnopqrs
 isn:893472seqno:903087 payload:nopqrstuvw
 isn:893472seqno:903097 payload:op
 isn:893472seqno:903099 payload:pqrstuvw
 isn:893472seqno:903107 payload:qrstuvwx
 isn:893472seqno:903115 payload:rstuvwxyza
 isn:893472seqno:903125 payload:stuvwxyza
 isn:893472seqno:903134 payload:tu
 isn:893472seqno:903136 payload:uvwx
 isn:893472seqno:903140 payload:vwx
 isn:893472seqno:903143 payload:wxyzabcde
 isn:893472seqno:903152 payload:xyzabc
 isn:893472seqno:903158 payload:yzabcde
 isn:893472seqno:903165 payload:z
 isn:893472seqno:903166 payload:abcd
 isn:893472seqno:903170 payload:bcdef
 isn:893472seqno:903175 payload:cdefg
 isn:893472seqno:903180 payload:def
 isn:893472seqno:903183 payload:efghijk
 isn:893472seqno:903190 payload:fg
 isn:893472seqno:903192 payload:ghi
 isn:893472seqno:903195 payload:hijklmn
 isn:893472seqno:903202 payload:ijklm
 isn:893472seqno:903207 payload:jklmnopq
 isn:893472seqno:903215 payload:klmnopqrs
 isn:893472seqno:903224 payload:lmnopqrs
 isn:893472seqno:903232 payload:mn
 isn:893472seqno:903234 payload:no
 isn:893472seqno:903236 payload:opqr
 isn:893472seqno:903240 payload:pqrstuvwx
 isn:893472seqno:903249 payload:qrs
 isn:893472seqno:903252 payload:rstuvwx
 isn:893472seqno:903259 payload:stu
 isn:893472seqno:903262 payload:tuvwx
 isn:893472seqno:903267 payload:uvw
 isn:893472seqno:903270 payload:vwxyzab
 isn:893472seqno:903277 payload:w
 isn:893472seqno:903278 payload:xy
 isn:893472seqno:903280 payload:yzab
 isn:893472seqno:903284 payload:zabcdef
 isn:893472seqno:903291 payload:abcdefgh
 isn:893472seqno:903299 payload:bcdefghij
 isn:893472seqno:903308 payload:cde
 isn:893472seqno:903311 payload:d
 isn:893472seqno:903312 payload:efghijklm
 isn:893472seqno:903321 payload:fghij
 isn:893472seqno:903326 payload:ghij
 isn:893472seqno:903330 payload:hijklmnopq
 isn:893472seqno:903340 payload:ijklmnop
 isn:893472seqno:903348 payload:jkl
 isn:893472seqno:903351 payload:klm
 isn:893472seqno:903354 payload:lmnopq
 isn:893472seqno:903360 payload:mnopqrs
 isn:893472seqno:903367 payload:nopqrstuv
 isn:893472seqno:903376 payload:opqrstu
 isn:893472seqno:903383 payload:pqrstuvw
 isn:893472seqno:903391 payload:qrs
 isn:893472seqno:903394 payload:rs
 isn:893472seqno:903396 payload:s
 isn:893472seqno:903397 payload:tuvwxyzab
 isn:893472seqno:903406 payload:u
 isn:893472seqno:903407 payload:vwxyzabcde
 isn:893472seqno:903417 payload:wxyzabc
 isn:893472seqno:903424 payload:xyzabcde
 isn:893472seqno:903432 payload:yzabcdefgh
 isn:893472seqno:903442 payload:zabcdef
 isn:893472seqno:903449 payload:abcde
 isn:893472seqno:903454 payload:b
 isn:893472seqno:903455 payload:cdefghij
 isn:893472seqno:903463 payload:defg
 isn:893472seqno:903467 payload:e
 isn:893472seqno:903468 payload:fghijk
 isn:893472seqno:903474 payload:g
 isn:893472seqno:903475 payload:hijklmnop
 isn:893472seqno:903484 payload:ijklmnop
 isn:893472seqno:903492 payload:jklmnopqrs
 isn:893472seqno:903502 payload:klmnopqrs
 isn:893472seqno:903511 payload:lmnopq
 isn:893472seqno:903517 payload:mnopqrst
 isn:893472seqno:903525 payload:nopqr
 isn:893472seqno:903530 payload:op
 isn:893472seqno:903532 payload:pqrstuvwx
 isn:893472seqno:903541 payload:qr
 isn:893472seqno:903543 payload:rstuvwxy
 isn:893472seqno:903551 payload:stuvwxyzab
 isn:893472seqno:903561 payload:tuvwxyzabc
 isn:893472seqno:903571 payload:uvw
 isn:893472seqno:903574 payload:v
 isn:893472seqno:903575 payload:wx
 isn:893472seqno:903577 payload:xyzab
 isn:893472seqno:903582 payload:y
 isn:893472seqno:903583 payload:z
 isn:893472seqno:903584 payload:abcdefgh
 isn:893472seqno:903592 payload:bcdefgh
 isn:893472seqno:903599 payload:cdefgh
 isn:893472seqno:903605 payload:defg
 isn:893472seqno:903609 payload:ef
 isn:893472seqno:903611 payload:fghi
 isn:893472seqno:903615 payload:ghijklmno
 isn:893472seqno:903624 payload:hi
 isn:893472seqno:903626 payload:ij
 isn:893472seqno:903628 payload:jklmnop
 isn:893472seqno:903635 payload:klmno
 isn:893472seqno:903640 payload:l
 isn:893472seqno:903641 payload:mnopqrstu
 isn:893472seqno:903650 payload:nop
 isn:893472seqno:903653 payload:opqrstu
 isn:893472seqno:903660 payload:pqrstuvw
 isn:893472seqno:903668 payload:qrstuvwx
 isn:893472seqno:903676 payload:rstuv
 isn:893472seqno:903681 payload:stuv
 isn:893472seqno:903685 payload:tuvwxyzabc
 isn:893472seqno:903695 payload:uvwxyza
 isn:893472seqno:903702 payload:vwxyzabcd
 isn:893472seqno:903711 payload:w
 isn:893472seqno:903712 payload:xyzabcdef
 isn:893472seqno:903721 payload:yzabcdefg
 isn:893472seqno:903730 payload:zabcde
 isn:893472seqno:903736 payload:abcdefghij
 isn:893472seqno:903746 payload:bcdefg
 isn:893472seqno:903752 payload:cd
 isn:893472seqno:903754 payload:de
 isn:893472seqno:903756 payload:efghij
 isn:893472seqno:903762 payload:f
 isn:893472seqno:903763 payload:ghijkl
 isn:893472seqno:903769 payload:hijk
 isn:893472seqno:903773 payload:ijkl
 isn:893472seqno:903777 payload:jklmnopqr
 isn:893472seqno:903786 payload:klmnopqrs
 isn:893472seqno:903795 payload:l
 isn:893472seqno:903796 payload:mnopqrstuv
 isn:893472seqno:903806 payload:nopqr
 isn:893472seqno:903811 payload:opqrstu
 isn:893472seqno:903818 payload:pqrstuvwx
 isn:893472seqno:903827 payload:qrstu
 isn:893472seqno:903832 payload:rstu
 isn:893472seqno:903836 payload:st
 isn:893472seqno:903838 payload:t
 isn:893472seqno:903839 payload:uvw
 isn:893472seqno:903842 payload:vw
 isn:893472seqno:903844 payload:wxyzabcd
 isn:893472seqno:903852 payload:xyza
 isn:893472seqno:903856 payload:y
 isn:893472seqno:903857 payload:zabcdefghi
 isn:893472seqno:903867 payload:a
 isn:893472seqno:903868 payload:bcdef
 isn:893472seqno:903873 payload:cd
 isn:893472seqno:903875 payload:def
 isn:893472seqno:903878 payload:efghijklm
 isn:893472seqno:903887 payload:fghijk
 isn:893472seqno:903893 payload:ghijkl
 isn:893472seqno:903899 payload:hijklmno
 isn:893472seqno:903907 payload:ijkl
 isn:893472seqno:903911 payload:jklmno
 isn:893472seqno:903917 payload:k
 isn:893472seqno:903918 payload:lmnopqrst
 isn:893472seqno:903927 payload:mnopqr
 isn:893472seqno:903933 payload:nopq
 isn:893472seqno:903937 payload:opqrstuv
 isn:893472seqno:903945 payload:pqrstuv
 isn:893472seqno:903952 payload:qr
 isn:893472seqno:903954 payload:rstuvwxyza
 isn:893472seqno:903964 payload:stuvwxyza
 isn:893472seqno:903973 payload:tuvwxyz
 isn:893472seqno:903980 payload:uvw
 isn:893472seqno:903983 payload:vwxyza
 isn:893472seqno:903989 payload:wxyza
 isn:893472seqno:903994 payload:xyzabcdef
 isn:893472seqno:904003 payload:y
 isn:893472seqno:904004 payload:za
 isn:893472seqno:904006 payload:abcdefghi
 isn:893472seqno:904015 payload:bcdefghij
 isn:893472seqno:904024 payload:cdefg
 isn:893472seqno:904029 payload:defghijklm
 isn:893472seqno:904039 payload:e
 isn:893472seqno:904040 payload:fghijklmn
 isn:893472seqno:904049 payload:gh
 isn:893472seqno:904051 payload:hijklmnopq
 isn:893472seqno:904061 payload:ijk
 isn:893472seqno:904064 payload:j
 isn:893472seqno:904065 payload:kl
 isn:893472seqno:904067 payload:lmno
 isn:893472seqno:904071 payload:mno
 isn:893472seqno:904074 payload:nopq
 isn:893472seqno:904078 payload:opqrstuvw
 isn:893472seqno:904087 payload:pqrst
 isn:893472seqno:904092 payload:qrstuvwxy
 isn:893472seqno:904101 payload:rstuv
 isn:893472seqno:904106 payload:stuvwxyz
 isn:893472seqno:904114 payload:tuvw
 isn:893472seqno:904118 payload:uv
 isn:893472seqno:904120 payload:vwxyzabcde
 isn:893472seqno:904130 payload:wxyza
 isn:893472seqno:904135 payload:xyzabc
 isn:893472seqno:904141 payload:yzabcde
[...]
ISN:133746651
ISN:2837599974
ISN:1991609557
ISN:564869176
ISN:50682646
ISN:1210832777
ISN:928954929
ISN:3036264521
ISN:3099195526
ISN:1840736278
ISN:2932695405
ISN:2027981278
ISN:2971077439
ISN:3261689183
ISN:3190942694
ISN:2647490914
ISN:2094203900
ISN:905186084
ISN:1223167645
ISN:1515955000
ISN:2304171955
ISN:2173659374
ISN:1671140894
ISN:2140722678
ISN:2518243440
ISN:2307392389
ISN:2363054600
ISN:1854107155
ISN:3351680945
ISN:32199095
ISN:2036632635
ISN:2905822215
ISN:280610804
ISN:94823702
ISN:77573187
ISN:988537134
ISN:1663267505
ISN:3967236787
ISN:2876786310
ISN:2279773810
ISN:3682125040
ISN:611519954
ISN:1979438979
ISN:2897568629
ISN:1085995304
ISN:1178821418
ISN:3409915674
ISN:3453124701
ISN:4019064414
ISN:2240882999
ISN:1420537649
ISN:2061304163
ISN:1327200256
ISN:3432976837
ISN:1057721282
ISN:3282494303
ISN:3383535381
ISN:2163008587
ISN:1547623574
ISN:3959090487
ISN:3996123279
ISN:1221886269
ISN:3780272448
ISN:961192341
ISN:3850113398
ISN:192986853
ISN:3946195417
ISN:2440396666
ISN:3083016434
ISN:3638671401
ISN:1306239424
ISN:4025955042
ISN:2564233623
ISN:2159923327
ISN:2167131335
ISN:77819849
ISN:1654640401
ISN:4234403742
ISN:1859187109
ISN:3216786101
ISN:2667084072
ISN:1070319157
ISN:1209247518
ISN:957753645
ISN:270332244
ISN:3400090329
ISN:3408668329
ISN:2603259618
ISN:2408570464
ISN:1287616899
ISN:90863467
ISN:3562316778
ISN:808684786
ISN:2329168668
ISN:1673546385
ISN:1569563800
ISN:3364854164
ISN:524601412
ISN:4288745393
ISN:1435336720
ISN:3480080572
ISN:289018890
ISN:1522051873
ISN:2018631274
ISN:3531440825
ISN:3392811999
ISN:2632852633
ISN:4244977133
ISN:1804548977
ISN:1309294461
ISN:755222550
ISN:1211564138
ISN:850074688
ISN:462763569
ISN:3699795839
ISN:2987482671
ISN:1892496861
ISN:1611437496
ISN:1493094867
ISN:2573948180
ISN:2384198903
ISN:266310509
ISN:3245580617
ISN:3102504447
ISN:3264377113
ISN:44325025
ISN:1168491105
ISN:3901032036
ISN:4265801302
ISN:1453894481
ISN:4058716883
ISN:2014886268
ISN:3040826665
ISN:3494960544
ISN:2793077554
ISN:3296832940
ISN:780568168
ISN:1617984474
ISN:1342512237
ISN:2311164019
ISN:3236722026
ISN:2264314182
ISN:2221944935
ISN:1892616107
ISN:1781743715
ISN:4207735861
ISN:968104038
ISN:3867735672
ISN:3134957459
ISN:1303936452
ISN:555540465
ISN:1457705514
ISN:3142872751
ISN:3297862304
ISN:2698532743
ISN:2840150979
ISN:58823828
ISN:614305654
ISN:2894208328
ISN:3253705463
ISN:3540074618
ISN:2321308980
ISN:3577756311
ISN:2814689991
ISN:1154065477
ISN:3385787993
ISN:3431601734
ISN:2820410700
ISN:2481993128
ISN:1939800554
ISN:18464064
ISN:189161885
ISN:1078865146
ISN:2368308979
ISN:3019446978
ISN:1588815097
ISN:3659090719
ISN:1844398636
ISN:2761507399
ISN:665903058
ISN:2118174512
ISN:4207690656
ISN:760073532
ISN:1924707648
ISN:973576605
ISN:1968298375
ISN:3967952397
ISN:2769977196
ISN:1047673203
ISN:1808298371
ISN:1861038450
ISN:2700612327
ISN:900625514
ISN:2836131709
ISN:3408046871
ISN:1274422404
ISN:3424014367
ISN:3085360170
ISN:3999680093
ISN:3086014917
ISN:2378525641
ISN:1048754190
ISN:724400437
ISN:3622884185
ISN:3525790225
ISN:3102471192
ISN:3153164550
ISN:936904850
ISN:4242610260
ISN:1818877563
ISN:2524288736
ISN:4171507007
ISN:2490401099
ISN:141666284
ISN:687212605
ISN:2789448959
ISN:4023098290
ISN:3264484799
ISN:705748541
ISN:385025545
ISN:3359710707
ISN:2739204243
ISN:2581092257
ISN:3028228237
ISN:3801820277
ISN:695989436
ISN:3679510674
ISN:172630084
ISN:1144773690
ISN:3487971841
ISN:173748361
ISN:1858666136
ISN:1407439223
ISN:989099606
ISN:1057251144
ISN:3523734745
ISN:2439442657
ISN:1760434911
ISN:1149606138
ISN:1543788912
ISN:3329851982
ISN:2255917650
ISN:2645009229
ISN:3058916536
ISN:2702061584
ISN:1169489644
ISN:3239969907
ISN:663770441
ISN:2915299467
ISN:1715456524
ISN:1896774336
ISN:4240592276
ISN:382357535
ISN:212867324
ISN:1587015552
ISN:2679817129
ISN:2300220523
ISN:3378417799
ISN:1808468624
ISN:4051234679
ISN:3998228644
ISN:1714787095
ISN:1912360943
ISN:4273799565
ISN:3095934894
ISN:3820363456
ISN:240978520
ISN:2048710832
ISN:981217391
ISN:1230502775
ISN:1843666338
ISN:548824845
ISN:1321269353
ISN:1049631322
ISN:841160025
ISN:2331509625
ISN:2133344976
ISN:570084575
ISN:2947399786
ISN:3396077399
ISN:3928469802
ISN:25776292
ISN:1981197053
ISN:1094035602
ISN:1043474609
ISN:551204985
ISN:3640056258
ISN:2736220571
ISN:2207522097
ISN:1597205122
ISN:3148180527
ISN:3166355163
ISN:3977734152
ISN:3713196946
ISN:1594742738
ISN:748471177
ISN:218135254
ISN:309917113
ISN:841469219
ISN:1175218515
ISN:2614077009
ISN:2046374964
ISN:759890131
ISN:3357916993
ISN:1409944277
ISN:2549864830
ISN:1759520747
ISN:637182562
ISN:1442077697
ISN:2091221067
ISN:2100392534
ISN:2009974740
ISN:2605249519
ISN:468888090
ISN:4135848355
ISN:516109180
ISN:3972971843
ISN:1718792526
ISN:466875006
ISN:284075243
ISN:1623741281
ISN:2780871116
ISN:3879939248
ISN:118896549
ISN:3678389945
ISN:2573500555
ISN:2225501564
ISN:3887339684
ISN:1123798501
ISN:2517022072
ISN:2059629620
ISN:1013395284
ISN:4241807792
ISN:4221452524
ISN:1245628457
ISN:1473832509
ISN:2419316092
ISN:2147980883
ISN:2614747117
ISN:2586058556
ISN:2149365062
ISN:1901936388
ISN:3190317332
ISN:2143644136
ISN:3807562743
ISN:2504754553
ISN:3341427480
ISN:196290833
ISN:2922391797
ISN:3884933227
ISN:1221659259
ISN:954314001
ISN:691343932
ISN:2844572601
ISN:282560362
ISN:2151115832
ISN:3958232988
ISN:1064220924
ISN:1663681487
ISN:2351727244
ISN:185041310
ISN:145293023
ISN:3895434126
ISN:1986983721
ISN:276833201
ISN:2786718903
ISN:1817396688
ISN:4205126456
ISN:2075579340
ISN:17831850
ISN:3186777155
ISN:393071155
ISN:3727859789
ISN:252500767
ISN:44765241
ISN:3993478521
ISN:3677363303
ISN:3139822943
ISN:1778149039
ISN:4211432237
ISN:1225622081
ISN:1582994250
ISN:3880119241
ISN:791603180
ISN:3568719849
ISN:454497080
ISN:3313359692
ISN:3890453974
ISN:2159771285
ISN:3468755062
ISN:357971142
ISN:825732826
ISN:3931988257
ISN:3958616315
ISN:1415551106
ISN:2684864754
ISN:739933299
ISN:2360452411
ISN:4262034441
ISN:95016031
ISN:77875712
ISN:1361195530
ISN:3470709776
ISN:3453842627
ISN:193169623
ISN:840402066
ISN:2050681475
ISN:1415300020
ISN:701689281
ISN:981006503
ISN:267144306
ISN:1552425989
ISN:1262403940
ISN:3845078101
ISN:79527148
ISN:84390297
ISN:1295823900
ISN:2228468193
ISN:3016727547
ISN:1749110060
ISN:1017709411
ISN:441352121
ISN:2719509230
ISN:3999600241
ISN:870980645
ISN:2852458392
ISN:752907224
ISN:3636195405
ISN:1364159581
ISN:1012077489
ISN:2168067443
ISN:115577027
ISN:3280882638
ISN:3193129793
ISN:1459910848
ISN:2135058289
ISN:162463132
ISN:412082774
ISN:1808974887
ISN:280955605
ISN:1688223732
ISN:3515432339
ISN:3710576818
ISN:1116636352
ISN:344391116
ISN:1799617925
ISN:1652713660
ISN:3335962891
ISN:883752384
ISN:542034644
ISN:3290485158
ISN:2049020484
ISN:3111165715
ISN:2110661706
ISN:3939521235
ISN:3445963316
ISN:959795647
ISN:1994458825
ISN:1466351680
ISN:2604948976
ISN:454537940
ISN:769591823
ISN:1138143311
ISN:599727932
ISN:2661655292
ISN:899775787
ISN:2603943393
ISN:2121396973
ISN:1249910222
ISN:2660342785
ISN:172617334
ISN:3374817845
ISN:723908659
ISN:1459490487
ISN:4025631054
ISN:1222919840
ISN:2162449404
ISN:2904618461
ISN:1506802208
ISN:1753051162
ISN:3573743592
ISN:2724372963
ISN:1101730966
ISN:3214982322
ISN:2196741471
ISN:3942476747
ISN:3549309067
ISN:3764186241
ISN:903598339
<end of output>
Test time =   0.04 sec
----------------------------------------------------------
Test Passed.
"t_send_window" end time: Oct 20 15:45 CST
"t_send_window" time elapsed: 00:00:00
----------------------------------------------------------

15/169 Testing: t_send_ack
15/169 Test: t_send_ack
Command: "/home/acat/sponge/build/tests/send_ack"
Directory: /home/acat/sponge/build
"t_send_ack" start time: Oct 20 15:45 CST
Output:
----------------------------------------------------------
ISN:2648764760
ISN:4003372737
ISN:3689982979
<end of output>
Test time =   0.00 sec
----------------------------------------------------------
Test Passed.
"t_send_ack" end time: Oct 20 15:45 CST
"t_send_ack" time elapsed: 00:00:00
----------------------------------------------------------

16/169 Testing: t_send_close
16/169 Test: t_send_close
Command: "/home/acat/sponge/build/tests/send_close"
Directory: /home/acat/sponge/build
"t_send_close" start time: Oct 20 15:45 CST
Output:
----------------------------------------------------------
ISN:1204096504
ISN:33714953
ISN:473313002
ISN:3707578545
_count_retransmission0
_count_retransmission1
_count_retransmission1
<end of output>
Test time =   0.00 sec
----------------------------------------------------------
Test Passed.
"t_send_close" end time: Oct 20 15:45 CST
"t_send_close" time elapsed: 00:00:00
----------------------------------------------------------

17/169 Testing: t_send_extra
17/169 Test: t_send_extra
Command: "/home/acat/sponge/build/tests/send_extra"
Directory: /home/acat/sponge/build
"t_send_extra" start time: Oct 20 15:45 CST
Output:
----------------------------------------------------------
ISN:1199918233
_count_retransmission0
_count_retransmission1
ISN:2223652307
_count_retransmission0
_count_retransmission1
ISN:208898481
_count_retransmission0
_count_retransmission0
_count_retransmission1
ISN:736914493
_count_retransmission0
_count_retransmission1
_count_retransmission1
_count_retransmission2
ISN:348537487
_count_retransmission0
_count_retransmission1
_count_retransmission1
_count_retransmission2
_count_retransmission2
_count_retransmission0
_count_retransmission1
ISN:4053108727
ISN:526079451
_count_retransmission0
_count_retransmission1
ISN:3230908000
_count_retransmission0
_count_retransmission0
_count_retransmission1
_count_retransmission1
_count_retransmission2
ISN:1486135025
ISN:3027811781
ISN:2601501298
ISN:1255378222
_count_retransmission0
_count_retransmission0
_count_retransmission0
_count_retransmission0
_count_retransmission0
_count_retransmission0
_count_retransmission0
_count_retransmission0
_count_retransmission0
_count_retransmission0
_count_retransmission0
_count_retransmission0
_count_retransmission0
_count_retransmission0
_count_retransmission0
_count_retransmission0
_count_retransmission0
_count_retransmission0
_count_retransmission0
_count_retransmission0
_count_retransmission0
_count_retransmission0
_count_retransmission0
_count_retransmission0
_count_retransmission0
_count_retransmission0
_count_retransmission0
_count_retransmission0
_count_retransmission0
_count_retransmission0
_count_retransmission0
_count_retransmission0
_count_retransmission0
_count_retransmission0
_count_retransmission0
_count_retransmission0
_count_retransmission0
_count_retransmission0
_count_retransmission0
_count_retransmission0
ISN:1726981770
_count_retransmission0
_count_retransmission1
_count_retransmission1
_count_retransmission2
_count_retransmission2
_count_retransmission3
ISN:2225811064
_count_retransmission1
_count_retransmission0
<end of output>
Test time =   0.00 sec
----------------------------------------------------------
Test Passed.
"t_send_extra" end time: Oct 20 15:45 CST
"t_send_extra" time elapsed: 00:00:00
----------------------------------------------------------

18/169 Testing: t_strm_reassem_single
18/169 Test: t_strm_reassem_single
Command: "/home/acat/sponge/build/tests/fsm_stream_reassembler_single"
Directory: /home/acat/sponge/build
"t_strm_reassem_single" start time: Oct 20 15:45 CST
Output:
----------------------------------------------------------
<end of output>
Test time =   0.00 sec
----------------------------------------------------------
Test Passed.
"t_strm_reassem_single" end time: Oct 20 15:45 CST
"t_strm_reassem_single" time elapsed: 00:00:00
----------------------------------------------------------

19/169 Testing: t_strm_reassem_seq
19/169 Test: t_strm_reassem_seq
Command: "/home/acat/sponge/build/tests/fsm_stream_reassembler_seq"
Directory: /home/acat/sponge/build
"t_strm_reassem_seq" start time: Oct 20 15:45 CST
Output:
----------------------------------------------------------
<end of output>
Test time =   0.00 sec
----------------------------------------------------------
Test Passed.
"t_strm_reassem_seq" end time: Oct 20 15:45 CST
"t_strm_reassem_seq" time elapsed: 00:00:00
----------------------------------------------------------

20/169 Testing: t_strm_reassem_dup
20/169 Test: t_strm_reassem_dup
Command: "/home/acat/sponge/build/tests/fsm_stream_reassembler_dup"
Directory: /home/acat/sponge/build
"t_strm_reassem_dup" start time: Oct 20 15:45 CST
Output:
----------------------------------------------------------
<end of output>
Test time =   0.01 sec
----------------------------------------------------------
Test Passed.
"t_strm_reassem_dup" end time: Oct 20 15:45 CST
"t_strm_reassem_dup" time elapsed: 00:00:00
----------------------------------------------------------

21/169 Testing: t_strm_reassem_holes
21/169 Test: t_strm_reassem_holes
Command: "/home/acat/sponge/build/tests/fsm_stream_reassembler_holes"
Directory: /home/acat/sponge/build
"t_strm_reassem_holes" start time: Oct 20 15:45 CST
Output:
----------------------------------------------------------
<end of output>
Test time =   0.00 sec
----------------------------------------------------------
Test Passed.
"t_strm_reassem_holes" end time: Oct 20 15:45 CST
"t_strm_reassem_holes" time elapsed: 00:00:00
----------------------------------------------------------

22/169 Testing: t_strm_reassem_many
22/169 Test: t_strm_reassem_many
Command: "/home/acat/sponge/build/tests/fsm_stream_reassembler_many"
Directory: /home/acat/sponge/build
"t_strm_reassem_many" start time: Oct 20 15:45 CST
Output:
----------------------------------------------------------
<end of output>
Test time =   0.15 sec
----------------------------------------------------------
Test Passed.
"t_strm_reassem_many" end time: Oct 20 15:45 CST
"t_strm_reassem_many" time elapsed: 00:00:00
----------------------------------------------------------

23/169 Testing: t_strm_reassem_overlapping
23/169 Test: t_strm_reassem_overlapping
Command: "/home/acat/sponge/build/tests/fsm_stream_reassembler_overlapping"
Directory: /home/acat/sponge/build
"t_strm_reassem_overlapping" start time: Oct 20 15:45 CST
Output:
----------------------------------------------------------

_buf:

_buf:bc

_buf:bcd

_buf:bcde

_buf:bcd

_buf:

_buf:bcd

_buf:
<end of output>
Test time =   0.00 sec
----------------------------------------------------------
Test Passed.
"t_strm_reassem_overlapping" end time: Oct 20 15:45 CST
"t_strm_reassem_overlapping" time elapsed: 00:00:00
----------------------------------------------------------

24/169 Testing: t_strm_reassem_win
24/169 Test: t_strm_reassem_win
Command: "/home/acat/sponge/build/tests/fsm_stream_reassembler_win"
Directory: /home/acat/sponge/build
"t_strm_reassem_win" start time: Oct 20 15:45 CST
Output:
----------------------------------------------------------
<end of output>
Test time =   0.15 sec
----------------------------------------------------------
Test Passed.
"t_strm_reassem_win" end time: Oct 20 15:45 CST
"t_strm_reassem_win" time elapsed: 00:00:00
----------------------------------------------------------

25/169 Testing: t_strm_reassem_cap
25/169 Test: t_strm_reassem_cap
Command: "/home/acat/sponge/build/tests/fsm_stream_reassembler_cap"
Directory: /home/acat/sponge/build
"t_strm_reassem_cap" start time: Oct 20 15:45 CST
Output:
----------------------------------------------------------
<end of output>
Test time =   0.06 sec
----------------------------------------------------------
Test Passed.
"t_strm_reassem_cap" end time: Oct 20 15:45 CST
"t_strm_reassem_cap" time elapsed: 00:00:00
----------------------------------------------------------

26/169 Testing: t_byte_stream_construction
26/169 Test: t_byte_stream_construction
Command: "/home/acat/sponge/build/tests/byte_stream_construction"
Directory: /home/acat/sponge/build
"t_byte_stream_construction" start time: Oct 20 15:45 CST
Output:
----------------------------------------------------------
<end of output>
Test time =   0.00 sec
----------------------------------------------------------
Test Passed.
"t_byte_stream_construction" end time: Oct 20 15:45 CST
"t_byte_stream_construction" time elapsed: 00:00:00
----------------------------------------------------------

27/169 Testing: t_byte_stream_one_write
27/169 Test: t_byte_stream_one_write
Command: "/home/acat/sponge/build/tests/byte_stream_one_write"
Directory: /home/acat/sponge/build
"t_byte_stream_one_write" start time: Oct 20 15:45 CST
Output:
----------------------------------------------------------
<end of output>
Test time =   0.00 sec
----------------------------------------------------------
Test Passed.
"t_byte_stream_one_write" end time: Oct 20 15:45 CST
"t_byte_stream_one_write" time elapsed: 00:00:00
----------------------------------------------------------

28/169 Testing: t_byte_stream_two_writes
28/169 Test: t_byte_stream_two_writes
Command: "/home/acat/sponge/build/tests/byte_stream_two_writes"
Directory: /home/acat/sponge/build
"t_byte_stream_two_writes" start time: Oct 20 15:45 CST
Output:
----------------------------------------------------------
<end of output>
Test time =   0.00 sec
----------------------------------------------------------
Test Passed.
"t_byte_stream_two_writes" end time: Oct 20 15:45 CST
"t_byte_stream_two_writes" time elapsed: 00:00:00
----------------------------------------------------------

29/169 Testing: t_byte_stream_capacity
29/169 Test: t_byte_stream_capacity
Command: "/home/acat/sponge/build/tests/byte_stream_capacity"
Directory: /home/acat/sponge/build
"t_byte_stream_capacity" start time: Oct 20 15:45 CST
Output:
----------------------------------------------------------
<end of output>
Test time =   0.43 sec
----------------------------------------------------------
Test Passed.
"t_byte_stream_capacity" end time: Oct 20 15:45 CST
"t_byte_stream_capacity" time elapsed: 00:00:00
----------------------------------------------------------

30/169 Testing: t_byte_stream_many_writes
30/169 Test: t_byte_stream_many_writes
Command: "/home/acat/sponge/build/tests/byte_stream_many_writes"
Directory: /home/acat/sponge/build
"t_byte_stream_many_writes" start time: Oct 20 15:45 CST
Output:
----------------------------------------------------------
<end of output>
Test time =   0.01 sec
----------------------------------------------------------
Test Passed.
"t_byte_stream_many_writes" end time: Oct 20 15:45 CST
"t_byte_stream_many_writes" time elapsed: 00:00:00
----------------------------------------------------------

53/169 Testing: t_address_dt
53/169 Test: t_address_dt
Command: "/home/acat/sponge/build/doctests/address_dt"
Directory: /home/acat/sponge/build
"t_address_dt" start time: Oct 20 15:45 CST
Output:
----------------------------------------------------------
<end of output>
Test time =   0.07 sec
----------------------------------------------------------
Test Passed.
"t_address_dt" end time: Oct 20 15:45 CST
"t_address_dt" time elapsed: 00:00:00
----------------------------------------------------------

54/169 Testing: t_parser_dt
54/169 Test: t_parser_dt
Command: "/home/acat/sponge/build/doctests/parser_dt"
Directory: /home/acat/sponge/build
"t_parser_dt" start time: Oct 20 15:45 CST
Output:
----------------------------------------------------------
<end of output>
Test time =   0.00 sec
----------------------------------------------------------
Test Passed.
"t_parser_dt" end time: Oct 20 15:45 CST
"t_parser_dt" time elapsed: 00:00:00
----------------------------------------------------------

55/169 Testing: t_socket_dt
55/169 Test: t_socket_dt
Command: "/home/acat/sponge/build/doctests/socket_dt"
Directory: /home/acat/sponge/build
"t_socket_dt" start time: Oct 20 15:45 CST
Output:
----------------------------------------------------------
<end of output>
Test time =   0.00 sec
----------------------------------------------------------
Test Passed.
"t_socket_dt" end time: Oct 20 15:45 CST
"t_socket_dt" time elapsed: 00:00:00
----------------------------------------------------------

End testing: Oct 20 15:45 CST
